2020-04-17 23:45:43,991 -  log.py[line:146] - INFO: Scrapy 1.8.0 started (bot: movie)
2020-04-17 23:45:43,996 -  log.py[line:149] - INFO: Versions: lxml 4.3.2.0, libxml2 2.9.9, cssselect 1.1.0, parsel 1.5.2, w3lib 1.21.0, Twisted 19.10.0, Python 3.7.3 (default, Mar 27 2019, 22:11:17) - [GCC 7.3.0], pyOpenSSL 19.0.0 (OpenSSL 1.1.1d  10 Sep 2019), cryptography 2.6.1, Platform Linux-5.3.0-46-generic-x86_64-with-debian-buster-sid
2020-04-17 23:45:43,999 -  crawler.py[line:49] - INFO: Overridden settings: {'BOT_NAME': 'movie', 'COMMANDS_MODULE': 'movie.commands', 'LOG_LEVEL': 'WARNING', 'NEWSPIDER_MODULE': 'movie.spiders', 'SPIDER_MODULES': ['movie.spiders']}
2020-04-17 23:45:44,007 -  telnet.py[line:60] - INFO: Telnet Password: 225651521004f104
2020-04-17 23:45:44,015 -  middleware.py[line:48] - INFO: Enabled extensions:
['scrapy.extensions.corestats.CoreStats',
 'scrapy.extensions.telnet.TelnetConsole',
 'scrapy.extensions.memusage.MemoryUsage',
 'scrapy.extensions.logstats.LogStats']
2020-04-17 23:45:44,127 -  middlewares.py[line:132] - ERROR: start to use judge duplicate
2020-04-17 23:45:44,130 -  middleware.py[line:48] - INFO: Enabled downloader middlewares:
['scrapy.downloadermiddlewares.httpauth.HttpAuthMiddleware',
 'scrapy.downloadermiddlewares.downloadtimeout.DownloadTimeoutMiddleware',
 'scrapy.downloadermiddlewares.defaultheaders.DefaultHeadersMiddleware',
 'scrapy.downloadermiddlewares.useragent.UserAgentMiddleware',
 'movie.middlewares.DuplicateMiddleware',
 'movie.middlewares.MovieDownloaderMiddleware',
 'scrapy.downloadermiddlewares.retry.RetryMiddleware',
 'scrapy.downloadermiddlewares.redirect.MetaRefreshMiddleware',
 'scrapy.downloadermiddlewares.httpcompression.HttpCompressionMiddleware',
 'scrapy.downloadermiddlewares.redirect.RedirectMiddleware',
 'scrapy.downloadermiddlewares.cookies.CookiesMiddleware',
 'scrapy.downloadermiddlewares.httpproxy.HttpProxyMiddleware',
 'scrapy.downloadermiddlewares.stats.DownloaderStats']
2020-04-17 23:45:44,132 -  middleware.py[line:48] - INFO: Enabled spider middlewares:
['scrapy.spidermiddlewares.httperror.HttpErrorMiddleware',
 'scrapy.spidermiddlewares.offsite.OffsiteMiddleware',
 'movie.middlewares.UserAgentMiddleware',
 'movie.middlewares.ProxyMiddleware',
 'movie.middlewares.MovieSpiderMiddleware',
 'scrapy.spidermiddlewares.referer.RefererMiddleware',
 'scrapy.spidermiddlewares.urllength.UrlLengthMiddleware',
 'scrapy.spidermiddlewares.depth.DepthMiddleware']
2020-04-17 23:45:44,137 -  pipelines.py[line:44] - ERROR: setting: custom boxOffice setting
2020-04-17 23:45:44,174 -  pipelines.py[line:40] - ERROR: pipeline init
2020-04-17 23:45:44,174 -  middleware.py[line:48] - INFO: Enabled item pipelines:
['movie.pipelines.BoxOfficePipeline', 'movie.pipelines.MySQLPipeline']
2020-04-17 23:45:44,174 -  engine.py[line:257] - INFO: Spider opened
2020-04-17 23:45:44,175 -  logstats.py[line:48] - INFO: Crawled 0 pages (at 0 pages/min), scraped 0 items (at 0 items/min)
2020-04-17 23:45:44,175 -  middlewares.py[line:112] - INFO: Spider opened: movie
2020-04-17 23:45:44,175 -  middlewares.py[line:65] - INFO: Spider opened: movie
2020-04-17 23:45:44,176 -  telnet.py[line:74] - INFO: Telnet console listening on 127.0.0.1:6026
2020-04-17 23:45:44,180 -  movie_spider.py[line:96] - ERROR: boxOffice start request for url = http://piaofang.maoyan.com/dashboard-ajax/movie?
2020-04-17 23:45:44,181 -  middlewares.py[line:138] - ERROR: into the process function of dm
2020-04-17 23:45:44,181 -  middlewares.py[line:142] - ERROR: url_seen has been added!
2020-04-17 23:45:44,383 -  engine.py[line:296] - INFO: Closing spider (finished)
2020-04-17 23:45:44,385 -  statscollectors.py[line:47] - INFO: Dumping Scrapy stats:
{'downloader/exception_count': 1,
 'downloader/exception_type_count/scrapy.exceptions.IgnoreRequest': 1,
 'elapsed_time_seconds': 0.20932,
 'finish_reason': 'finished',
 'finish_time': datetime.datetime(2020, 4, 17, 15, 45, 44, 384914),
 'log_count/ERROR': 6,
 'memusage/max': 72241152,
 'memusage/startup': 72241152,
 'scheduler/dequeued': 1,
 'scheduler/dequeued/memory': 1,
 'scheduler/enqueued': 1,
 'scheduler/enqueued/memory': 1,
 'start_time': datetime.datetime(2020, 4, 17, 15, 45, 44, 175594)}
2020-04-17 23:45:44,386 -  engine.py[line:327] - INFO: Spider closed (finished)
