2020-01-15 20:24:49,175 -  /home/dawinia/anaconda3/envs/Scrapy/lib/python3.7/site-packages/scrapy/utils/log.py[line:146] - INFO: Scrapy 1.8.0 started (bot: movie)
2020-01-15 20:24:49,179 -  /home/dawinia/anaconda3/envs/Scrapy/lib/python3.7/site-packages/scrapy/utils/log.py[line:149] - INFO: Versions: lxml 4.4.2.0, libxml2 2.9.10, cssselect 1.1.0, parsel 1.5.2, w3lib 1.21.0, Twisted 19.10.0, Python 3.7.6 | packaged by conda-forge | (default, Dec 27 2019, 00:09:34) - [GCC 7.3.0], pyOpenSSL 19.1.0 (OpenSSL 1.1.1d  10 Sep 2019), cryptography 2.8, Platform Linux-5.0.0-37-generic-x86_64-with-debian-buster-sid
2020-01-15 20:24:49,182 -  /home/dawinia/anaconda3/envs/Scrapy/lib/python3.7/site-packages/scrapy/crawler.py[line:49] - INFO: Overridden settings: {'BOT_NAME': 'movie', 'NEWSPIDER_MODULE': 'movie.spiders', 'ROBOTSTXT_OBEY': True, 'SPIDER_MODULES': ['movie.spiders']}
2020-01-15 20:24:49,189 -  /home/dawinia/anaconda3/envs/Scrapy/lib/python3.7/site-packages/scrapy/extensions/telnet.py[line:60] - INFO: Telnet Password: 2f772a17b8348f16
2020-01-15 20:24:49,199 -  /home/dawinia/anaconda3/envs/Scrapy/lib/python3.7/site-packages/scrapy/middleware.py[line:48] - INFO: Enabled extensions:
['scrapy.extensions.corestats.CoreStats',
 'scrapy.extensions.telnet.TelnetConsole',
 'scrapy.extensions.memusage.MemoryUsage',
 'scrapy.extensions.logstats.LogStats']
2020-01-15 20:24:49,226 -  /home/dawinia/anaconda3/envs/Scrapy/lib/python3.7/site-packages/scrapy/middleware.py[line:48] - INFO: Enabled downloader middlewares:
['scrapy.downloadermiddlewares.robotstxt.RobotsTxtMiddleware',
 'scrapy.downloadermiddlewares.httpauth.HttpAuthMiddleware',
 'scrapy.downloadermiddlewares.downloadtimeout.DownloadTimeoutMiddleware',
 'scrapy.downloadermiddlewares.defaultheaders.DefaultHeadersMiddleware',
 'scrapy.downloadermiddlewares.useragent.UserAgentMiddleware',
 'scrapy.downloadermiddlewares.retry.RetryMiddleware',
 'scrapy.downloadermiddlewares.redirect.MetaRefreshMiddleware',
 'scrapy.downloadermiddlewares.httpcompression.HttpCompressionMiddleware',
 'scrapy.downloadermiddlewares.redirect.RedirectMiddleware',
 'scrapy.downloadermiddlewares.cookies.CookiesMiddleware',
 'scrapy.downloadermiddlewares.httpproxy.HttpProxyMiddleware',
 'scrapy.downloadermiddlewares.stats.DownloaderStats']
2020-01-15 20:24:49,228 -  /home/dawinia/anaconda3/envs/Scrapy/lib/python3.7/site-packages/scrapy/middleware.py[line:48] - INFO: Enabled spider middlewares:
['scrapy.spidermiddlewares.httperror.HttpErrorMiddleware',
 'scrapy.spidermiddlewares.offsite.OffsiteMiddleware',
 'scrapy.spidermiddlewares.referer.RefererMiddleware',
 'scrapy.spidermiddlewares.urllength.UrlLengthMiddleware',
 'scrapy.spidermiddlewares.depth.DepthMiddleware']
2020-01-15 20:24:49,319 -  /home/dawinia/CodeBook/ScrapyProject/movie/movie/pipelines.py[line:38] - WARNING: pipeline init
2020-01-15 20:24:49,320 -  /home/dawinia/anaconda3/envs/Scrapy/lib/python3.7/site-packages/scrapy/middleware.py[line:48] - INFO: Enabled item pipelines:
['movie.pipelines.BoxOfficePipeline', 'movie.pipelines.MySQLPipeline']
2020-01-15 20:24:49,320 -  /home/dawinia/anaconda3/envs/Scrapy/lib/python3.7/site-packages/scrapy/core/engine.py[line:257] - INFO: Spider opened
2020-01-15 20:24:49,321 -  /home/dawinia/anaconda3/envs/Scrapy/lib/python3.7/site-packages/scrapy/extensions/logstats.py[line:48] - INFO: Crawled 0 pages (at 0 pages/min), scraped 0 items (at 0 items/min)
2020-01-15 20:24:49,321 -  /home/dawinia/anaconda3/envs/Scrapy/lib/python3.7/site-packages/scrapy/extensions/telnet.py[line:74] - INFO: Telnet console listening on 127.0.0.1:6023
2020-01-15 20:24:49,920 -  /home/dawinia/anaconda3/envs/Scrapy/lib/python3.7/site-packages/scrapy/core/engine.py[line:239] - DEBUG: Crawled (200) <GET http://piaofang.maoyan.com/robots.txt> (referer: None)
2020-01-15 20:24:50,033 -  /home/dawinia/anaconda3/envs/Scrapy/lib/python3.7/site-packages/scrapy/core/engine.py[line:239] - DEBUG: Crawled (200) <GET http://piaofang.maoyan.com/second-box?beginDate=20160101> (referer: None)
2020-01-15 20:24:50,139 -  /home/dawinia/CodeBook/ScrapyProject/movie/movie/spiders/boxOffice_spider.py[line:29] - INFO: ok
2020-01-15 20:24:50,142 -  /home/dawinia/CodeBook/ScrapyProject/movie/movie/spiders/boxOffice_spider.py[line:46] - WARNING: get 1 movie info, named 唐人街探案.
2020-01-15 20:24:50,147 -  /home/dawinia/CodeBook/ScrapyProject/movie/movie/dao/databasetable.py[line:42] - WARNING: here movieID equals to 247300
2020-01-15 20:24:50,147 -  /home/dawinia/CodeBook/ScrapyProject/movie/movie/dao/databasetable.py[line:42] - WARNING: here movieName equals to 唐人街探案
2020-01-15 20:24:50,147 -  /home/dawinia/CodeBook/ScrapyProject/movie/movie/dao/databasetable.py[line:42] - WARNING: here seatRate equals to 61.6%
2020-01-15 20:24:50,148 -  /home/dawinia/CodeBook/ScrapyProject/movie/movie/dao/databasetable.py[line:42] - WARNING: here boxInfo equals to 11414.40
2020-01-15 20:24:50,148 -  /home/dawinia/CodeBook/ScrapyProject/movie/movie/dao/databasetable.py[line:42] - WARNING: here boxRate equals to 32.5%
2020-01-15 20:24:50,148 -  /home/dawinia/CodeBook/ScrapyProject/movie/movie/dao/databasetable.py[line:42] - WARNING: here releaseInfo equals to 上映2天
2020-01-15 20:24:50,148 -  /home/dawinia/CodeBook/ScrapyProject/movie/movie/dao/databasetable.py[line:42] - WARNING: here showInfo equals to 50239
2020-01-15 20:24:50,148 -  /home/dawinia/CodeBook/ScrapyProject/movie/movie/dao/databasetable.py[line:42] - WARNING: here showRate equals to 27.2%
2020-01-15 20:24:50,149 -  /home/dawinia/CodeBook/ScrapyProject/movie/movie/dao/databasetable.py[line:42] - WARNING: here splitBoxInfo equals to 11414.40
2020-01-15 20:24:50,149 -  /home/dawinia/CodeBook/ScrapyProject/movie/movie/dao/databasetable.py[line:42] - WARNING: here splitSumBoxInfo equals to 25400.0
2020-01-15 20:24:50,149 -  /home/dawinia/CodeBook/ScrapyProject/movie/movie/dao/databasetable.py[line:42] - WARNING: here sumBoxInfo equals to 25400.0
2020-01-15 20:24:50,149 -  /home/dawinia/CodeBook/ScrapyProject/movie/movie/dao/databasetable.py[line:42] - WARNING: here showView equals to 72
2020-01-15 20:24:50,150 -  /home/dawinia/CodeBook/ScrapyProject/movie/movie/dao/databasetable.py[line:42] - WARNING: here crawlDate equals to 2020-01-15
2020-01-15 20:24:50,150 -  /home/dawinia/CodeBook/ScrapyProject/movie/movie/dao/databasetable.py[line:42] - WARNING: here yearRate equals to 2020-01-15#1
2020-01-15 20:24:50,150 -  /home/dawinia/CodeBook/ScrapyProject/movie/movie/pipelines.py[line:53] - WARNING: insert database finished
2020-01-15 20:24:50,154 -  /home/dawinia/anaconda3/envs/Scrapy/lib/python3.7/site-packages/sqlalchemy/log.py[line:110] - INFO: SHOW VARIABLES LIKE 'sql_mode'
2020-01-15 20:24:50,154 -  /home/dawinia/anaconda3/envs/Scrapy/lib/python3.7/site-packages/sqlalchemy/log.py[line:110] - INFO: {}
2020-01-15 20:24:50,164 -  /home/dawinia/anaconda3/envs/Scrapy/lib/python3.7/site-packages/sqlalchemy/log.py[line:110] - INFO: SHOW VARIABLES LIKE 'lower_case_table_names'
2020-01-15 20:24:50,164 -  /home/dawinia/anaconda3/envs/Scrapy/lib/python3.7/site-packages/sqlalchemy/log.py[line:110] - INFO: {}
2020-01-15 20:24:50,169 -  /home/dawinia/anaconda3/envs/Scrapy/lib/python3.7/site-packages/sqlalchemy/log.py[line:110] - INFO: SELECT DATABASE()
2020-01-15 20:24:50,170 -  /home/dawinia/anaconda3/envs/Scrapy/lib/python3.7/site-packages/sqlalchemy/log.py[line:110] - INFO: {}
2020-01-15 20:24:50,172 -  /home/dawinia/anaconda3/envs/Scrapy/lib/python3.7/site-packages/sqlalchemy/log.py[line:110] - INFO: show collation where `Charset` = 'utf8mb4' and `Collation` = 'utf8mb4_bin'
2020-01-15 20:24:50,172 -  /home/dawinia/anaconda3/envs/Scrapy/lib/python3.7/site-packages/sqlalchemy/log.py[line:110] - INFO: {}
2020-01-15 20:24:50,180 -  /home/dawinia/anaconda3/envs/Scrapy/lib/python3.7/site-packages/sqlalchemy/log.py[line:110] - INFO: SELECT CAST('test plain returns' AS CHAR(60)) AS anon_1
2020-01-15 20:24:50,180 -  /home/dawinia/anaconda3/envs/Scrapy/lib/python3.7/site-packages/sqlalchemy/log.py[line:110] - INFO: {}
2020-01-15 20:24:50,182 -  /home/dawinia/anaconda3/envs/Scrapy/lib/python3.7/site-packages/sqlalchemy/log.py[line:110] - INFO: SELECT CAST('test unicode returns' AS CHAR(60)) AS anon_1
2020-01-15 20:24:50,182 -  /home/dawinia/anaconda3/envs/Scrapy/lib/python3.7/site-packages/sqlalchemy/log.py[line:110] - INFO: {}
2020-01-15 20:24:50,184 -  /home/dawinia/anaconda3/envs/Scrapy/lib/python3.7/site-packages/sqlalchemy/log.py[line:110] - INFO: SELECT CAST('test collated returns' AS CHAR CHARACTER SET utf8mb4) COLLATE utf8mb4_bin AS anon_1
2020-01-15 20:24:50,185 -  /home/dawinia/anaconda3/envs/Scrapy/lib/python3.7/site-packages/sqlalchemy/log.py[line:110] - INFO: {}
2020-01-15 20:24:50,188 -  /home/dawinia/anaconda3/envs/Scrapy/lib/python3.7/site-packages/sqlalchemy/log.py[line:110] - INFO: BEGIN (implicit)
2020-01-15 20:24:50,192 -  /home/dawinia/anaconda3/envs/Scrapy/lib/python3.7/site-packages/sqlalchemy/log.py[line:110] - INFO: INSERT INTO `boxOffice` (`movieID`, `movieName`, `seatRate`, `boxInfo`, `boxRate`, `releaseInfo`, `showInfo`, `showRate`, `splitBoxInfo`, `splitSumBoxInfo`, `sumBoxInfo`, `showView`, `crawlDate`, `yearRate`) VALUES (%(movieID)s, %(movieName)s, %(seatRate)s, %(boxInfo)s, %(boxRate)s, %(releaseInfo)s, %(showInfo)s, %(showRate)s, %(splitBoxInfo)s, %(splitSumBoxInfo)s, %(sumBoxInfo)s, %(showView)s, %(crawlDate)s, %(yearRate)s)
2020-01-15 20:24:50,193 -  /home/dawinia/anaconda3/envs/Scrapy/lib/python3.7/site-packages/sqlalchemy/log.py[line:110] - INFO: {'movieID': 247300, 'movieName': '唐人街探案', 'seatRate': '61.6%', 'boxInfo': '11414.40', 'boxRate': '32.5%', 'releaseInfo': '上映2天', 'showInfo': '50239', 'showRate': '27.2%', 'splitBoxInfo': '11414.40', 'splitSumBoxInfo': '25400.0', 'sumBoxInfo': '25400.0', 'showView': '72', 'crawlDate': datetime.date(2020, 1, 15), 'yearRate': '2020-01-15#1'}
2020-01-15 20:24:50,195 -  /home/dawinia/anaconda3/envs/Scrapy/lib/python3.7/site-packages/sqlalchemy/log.py[line:110] - INFO: COMMIT
2020-01-15 20:24:50,371 -  /home/dawinia/anaconda3/envs/Scrapy/lib/python3.7/site-packages/scrapy/core/scraper.py[line:243] - DEBUG: Scraped from <200 http://piaofang.maoyan.com/second-box?beginDate=20160101>
None
2020-01-15 20:24:50,373 -  /home/dawinia/CodeBook/ScrapyProject/movie/movie/spiders/boxOffice_spider.py[line:46] - WARNING: get 2 movie info, named 老炮儿.
2020-01-15 20:24:50,375 -  /home/dawinia/CodeBook/ScrapyProject/movie/movie/dao/databasetable.py[line:42] - WARNING: here movieID equals to 246211
2020-01-15 20:24:50,376 -  /home/dawinia/CodeBook/ScrapyProject/movie/movie/dao/databasetable.py[line:42] - WARNING: here movieName equals to 老炮儿
2020-01-15 20:24:50,376 -  /home/dawinia/CodeBook/ScrapyProject/movie/movie/dao/databasetable.py[line:42] - WARNING: here seatRate equals to 72.4%
2020-01-15 20:24:50,376 -  /home/dawinia/CodeBook/ScrapyProject/movie/movie/dao/databasetable.py[line:42] - WARNING: here boxInfo equals to 8592.53
2020-01-15 20:24:50,376 -  /home/dawinia/CodeBook/ScrapyProject/movie/movie/dao/databasetable.py[line:42] - WARNING: here boxRate equals to 24.5%
2020-01-15 20:24:50,377 -  /home/dawinia/CodeBook/ScrapyProject/movie/movie/dao/databasetable.py[line:42] - WARNING: here releaseInfo equals to 上映9天
2020-01-15 20:24:50,377 -  /home/dawinia/CodeBook/ScrapyProject/movie/movie/dao/databasetable.py[line:42] - WARNING: here showInfo equals to 32768
2020-01-15 20:24:50,377 -  /home/dawinia/CodeBook/ScrapyProject/movie/movie/dao/databasetable.py[line:42] - WARNING: here showRate equals to 17.7%
2020-01-15 20:24:50,377 -  /home/dawinia/CodeBook/ScrapyProject/movie/movie/dao/databasetable.py[line:42] - WARNING: here splitBoxInfo equals to 8592.53
2020-01-15 20:24:50,377 -  /home/dawinia/CodeBook/ScrapyProject/movie/movie/dao/databasetable.py[line:42] - WARNING: here splitSumBoxInfo equals to 55300.0
2020-01-15 20:24:50,378 -  /home/dawinia/CodeBook/ScrapyProject/movie/movie/dao/databasetable.py[line:42] - WARNING: here sumBoxInfo equals to 55300.0
2020-01-15 20:24:50,378 -  /home/dawinia/CodeBook/ScrapyProject/movie/movie/dao/databasetable.py[line:42] - WARNING: here showView equals to 83
2020-01-15 20:24:50,378 -  /home/dawinia/CodeBook/ScrapyProject/movie/movie/dao/databasetable.py[line:42] - WARNING: here crawlDate equals to 2020-01-15
2020-01-15 20:24:50,378 -  /home/dawinia/CodeBook/ScrapyProject/movie/movie/dao/databasetable.py[line:42] - WARNING: here yearRate equals to 2020-01-15#2
2020-01-15 20:24:50,379 -  /home/dawinia/CodeBook/ScrapyProject/movie/movie/pipelines.py[line:53] - WARNING: insert database finished
2020-01-15 20:24:50,379 -  /home/dawinia/anaconda3/envs/Scrapy/lib/python3.7/site-packages/sqlalchemy/log.py[line:110] - INFO: BEGIN (implicit)
2020-01-15 20:24:50,380 -  /home/dawinia/anaconda3/envs/Scrapy/lib/python3.7/site-packages/sqlalchemy/log.py[line:110] - INFO: INSERT INTO `boxOffice` (`movieID`, `movieName`, `seatRate`, `boxInfo`, `boxRate`, `releaseInfo`, `showInfo`, `showRate`, `splitBoxInfo`, `splitSumBoxInfo`, `sumBoxInfo`, `showView`, `crawlDate`, `yearRate`) VALUES (%(movieID)s, %(movieName)s, %(seatRate)s, %(boxInfo)s, %(boxRate)s, %(releaseInfo)s, %(showInfo)s, %(showRate)s, %(splitBoxInfo)s, %(splitSumBoxInfo)s, %(sumBoxInfo)s, %(showView)s, %(crawlDate)s, %(yearRate)s)
2020-01-15 20:24:50,380 -  /home/dawinia/anaconda3/envs/Scrapy/lib/python3.7/site-packages/sqlalchemy/log.py[line:110] - INFO: {'movieID': 246211, 'movieName': '老炮儿', 'seatRate': '72.4%', 'boxInfo': '8592.53', 'boxRate': '24.5%', 'releaseInfo': '上映9天', 'showInfo': '32768', 'showRate': '17.7%', 'splitBoxInfo': '8592.53', 'splitSumBoxInfo': '55300.0', 'sumBoxInfo': '55300.0', 'showView': '83', 'crawlDate': datetime.date(2020, 1, 15), 'yearRate': '2020-01-15#2'}
2020-01-15 20:24:50,383 -  /home/dawinia/anaconda3/envs/Scrapy/lib/python3.7/site-packages/sqlalchemy/log.py[line:110] - INFO: COMMIT
2020-01-15 20:24:50,504 -  /home/dawinia/anaconda3/envs/Scrapy/lib/python3.7/site-packages/scrapy/core/scraper.py[line:243] - DEBUG: Scraped from <200 http://piaofang.maoyan.com/second-box?beginDate=20160101>
None
2020-01-15 20:24:50,505 -  /home/dawinia/CodeBook/ScrapyProject/movie/movie/spiders/boxOffice_spider.py[line:46] - WARNING: get 3 movie info, named 寻龙诀.
2020-01-15 20:24:50,505 -  /home/dawinia/CodeBook/ScrapyProject/movie/movie/dao/databasetable.py[line:42] - WARNING: here movieID equals to 78701
2020-01-15 20:24:50,505 -  /home/dawinia/CodeBook/ScrapyProject/movie/movie/dao/databasetable.py[line:42] - WARNING: here movieName equals to 寻龙诀
2020-01-15 20:24:50,506 -  /home/dawinia/CodeBook/ScrapyProject/movie/movie/dao/databasetable.py[line:42] - WARNING: here seatRate equals to 64.1%
2020-01-15 20:24:50,506 -  /home/dawinia/CodeBook/ScrapyProject/movie/movie/dao/databasetable.py[line:42] - WARNING: here boxInfo equals to 7311.86
2020-01-15 20:24:50,506 -  /home/dawinia/CodeBook/ScrapyProject/movie/movie/dao/databasetable.py[line:42] - WARNING: here boxRate equals to 20.8%
2020-01-15 20:24:50,506 -  /home/dawinia/CodeBook/ScrapyProject/movie/movie/dao/databasetable.py[line:42] - WARNING: here releaseInfo equals to 上映15天
2020-01-15 20:24:50,506 -  /home/dawinia/CodeBook/ScrapyProject/movie/movie/dao/databasetable.py[line:42] - WARNING: here showInfo equals to 24309
2020-01-15 20:24:50,506 -  /home/dawinia/CodeBook/ScrapyProject/movie/movie/dao/databasetable.py[line:42] - WARNING: here showRate equals to 13.2%
2020-01-15 20:24:50,506 -  /home/dawinia/CodeBook/ScrapyProject/movie/movie/dao/databasetable.py[line:42] - WARNING: here splitBoxInfo equals to 7311.86
2020-01-15 20:24:50,506 -  /home/dawinia/CodeBook/ScrapyProject/movie/movie/dao/databasetable.py[line:42] - WARNING: here splitSumBoxInfo equals to 144400.0
2020-01-15 20:24:50,506 -  /home/dawinia/CodeBook/ScrapyProject/movie/movie/dao/databasetable.py[line:42] - WARNING: here sumBoxInfo equals to 144400.0
2020-01-15 20:24:50,506 -  /home/dawinia/CodeBook/ScrapyProject/movie/movie/dao/databasetable.py[line:42] - WARNING: here showView equals to 80
2020-01-15 20:24:50,506 -  /home/dawinia/CodeBook/ScrapyProject/movie/movie/dao/databasetable.py[line:42] - WARNING: here crawlDate equals to 2020-01-15
2020-01-15 20:24:50,506 -  /home/dawinia/CodeBook/ScrapyProject/movie/movie/dao/databasetable.py[line:42] - WARNING: here yearRate equals to 2020-01-15#3
2020-01-15 20:24:50,506 -  /home/dawinia/CodeBook/ScrapyProject/movie/movie/pipelines.py[line:53] - WARNING: insert database finished
2020-01-15 20:24:50,506 -  /home/dawinia/anaconda3/envs/Scrapy/lib/python3.7/site-packages/sqlalchemy/log.py[line:110] - INFO: BEGIN (implicit)
2020-01-15 20:24:50,507 -  /home/dawinia/anaconda3/envs/Scrapy/lib/python3.7/site-packages/sqlalchemy/log.py[line:110] - INFO: INSERT INTO `boxOffice` (`movieID`, `movieName`, `seatRate`, `boxInfo`, `boxRate`, `releaseInfo`, `showInfo`, `showRate`, `splitBoxInfo`, `splitSumBoxInfo`, `sumBoxInfo`, `showView`, `crawlDate`, `yearRate`) VALUES (%(movieID)s, %(movieName)s, %(seatRate)s, %(boxInfo)s, %(boxRate)s, %(releaseInfo)s, %(showInfo)s, %(showRate)s, %(splitBoxInfo)s, %(splitSumBoxInfo)s, %(sumBoxInfo)s, %(showView)s, %(crawlDate)s, %(yearRate)s)
2020-01-15 20:24:50,507 -  /home/dawinia/anaconda3/envs/Scrapy/lib/python3.7/site-packages/sqlalchemy/log.py[line:110] - INFO: {'movieID': 78701, 'movieName': '寻龙诀', 'seatRate': '64.1%', 'boxInfo': '7311.86', 'boxRate': '20.8%', 'releaseInfo': '上映15天', 'showInfo': '24309', 'showRate': '13.2%', 'splitBoxInfo': '7311.86', 'splitSumBoxInfo': '144400.0', 'sumBoxInfo': '144400.0', 'showView': '80', 'crawlDate': datetime.date(2020, 1, 15), 'yearRate': '2020-01-15#3'}
2020-01-15 20:24:50,507 -  /home/dawinia/anaconda3/envs/Scrapy/lib/python3.7/site-packages/sqlalchemy/log.py[line:110] - INFO: COMMIT
2020-01-15 20:24:50,652 -  /home/dawinia/anaconda3/envs/Scrapy/lib/python3.7/site-packages/scrapy/core/scraper.py[line:243] - DEBUG: Scraped from <200 http://piaofang.maoyan.com/second-box?beginDate=20160101>
None
2020-01-15 20:24:50,655 -  /home/dawinia/CodeBook/ScrapyProject/movie/movie/spiders/boxOffice_spider.py[line:46] - WARNING: get 4 movie info, named 小门神.
2020-01-15 20:24:50,657 -  /home/dawinia/CodeBook/ScrapyProject/movie/movie/dao/databasetable.py[line:42] - WARNING: here movieID equals to 247899
2020-01-15 20:24:50,658 -  /home/dawinia/CodeBook/ScrapyProject/movie/movie/dao/databasetable.py[line:42] - WARNING: here movieName equals to 小门神
2020-01-15 20:24:50,658 -  /home/dawinia/CodeBook/ScrapyProject/movie/movie/dao/databasetable.py[line:42] - WARNING: here seatRate equals to 45.4%
2020-01-15 20:24:50,658 -  /home/dawinia/CodeBook/ScrapyProject/movie/movie/dao/databasetable.py[line:42] - WARNING: here boxInfo equals to 2806.61
2020-01-15 20:24:50,658 -  /home/dawinia/CodeBook/ScrapyProject/movie/movie/dao/databasetable.py[line:42] - WARNING: here boxRate equals to 8.0%
2020-01-15 20:24:50,658 -  /home/dawinia/CodeBook/ScrapyProject/movie/movie/dao/databasetable.py[line:42] - WARNING: here releaseInfo equals to 上映首日
2020-01-15 20:24:50,659 -  /home/dawinia/CodeBook/ScrapyProject/movie/movie/dao/databasetable.py[line:42] - WARNING: here showInfo equals to 21088
2020-01-15 20:24:50,659 -  /home/dawinia/CodeBook/ScrapyProject/movie/movie/dao/databasetable.py[line:42] - WARNING: here showRate equals to 11.4%
2020-01-15 20:24:50,659 -  /home/dawinia/CodeBook/ScrapyProject/movie/movie/dao/databasetable.py[line:42] - WARNING: here splitBoxInfo equals to 2806.61
2020-01-15 20:24:50,659 -  /home/dawinia/CodeBook/ScrapyProject/movie/movie/dao/databasetable.py[line:42] - WARNING: here splitSumBoxInfo equals to 3393.4
2020-01-15 20:24:50,659 -  /home/dawinia/CodeBook/ScrapyProject/movie/movie/dao/databasetable.py[line:42] - WARNING: here sumBoxInfo equals to 3393.4
2020-01-15 20:24:50,660 -  /home/dawinia/CodeBook/ScrapyProject/movie/movie/dao/databasetable.py[line:42] - WARNING: here showView equals to 43
2020-01-15 20:24:50,660 -  /home/dawinia/CodeBook/ScrapyProject/movie/movie/dao/databasetable.py[line:42] - WARNING: here crawlDate equals to 2020-01-15
2020-01-15 20:24:50,660 -  /home/dawinia/CodeBook/ScrapyProject/movie/movie/dao/databasetable.py[line:42] - WARNING: here yearRate equals to 2020-01-15#4
2020-01-15 20:24:50,660 -  /home/dawinia/CodeBook/ScrapyProject/movie/movie/pipelines.py[line:53] - WARNING: insert database finished
2020-01-15 20:24:50,661 -  /home/dawinia/anaconda3/envs/Scrapy/lib/python3.7/site-packages/sqlalchemy/log.py[line:110] - INFO: BEGIN (implicit)
2020-01-15 20:24:50,662 -  /home/dawinia/anaconda3/envs/Scrapy/lib/python3.7/site-packages/sqlalchemy/log.py[line:110] - INFO: INSERT INTO `boxOffice` (`movieID`, `movieName`, `seatRate`, `boxInfo`, `boxRate`, `releaseInfo`, `showInfo`, `showRate`, `splitBoxInfo`, `splitSumBoxInfo`, `sumBoxInfo`, `showView`, `crawlDate`, `yearRate`) VALUES (%(movieID)s, %(movieName)s, %(seatRate)s, %(boxInfo)s, %(boxRate)s, %(releaseInfo)s, %(showInfo)s, %(showRate)s, %(splitBoxInfo)s, %(splitSumBoxInfo)s, %(sumBoxInfo)s, %(showView)s, %(crawlDate)s, %(yearRate)s)
2020-01-15 20:24:50,662 -  /home/dawinia/anaconda3/envs/Scrapy/lib/python3.7/site-packages/sqlalchemy/log.py[line:110] - INFO: {'movieID': 247899, 'movieName': '小门神', 'seatRate': '45.4%', 'boxInfo': '2806.61', 'boxRate': '8.0%', 'releaseInfo': '上映首日', 'showInfo': '21088', 'showRate': '11.4%', 'splitBoxInfo': '2806.61', 'splitSumBoxInfo': '3393.4', 'sumBoxInfo': '3393.4', 'showView': '43', 'crawlDate': datetime.date(2020, 1, 15), 'yearRate': '2020-01-15#4'}
2020-01-15 20:24:50,665 -  /home/dawinia/anaconda3/envs/Scrapy/lib/python3.7/site-packages/sqlalchemy/log.py[line:110] - INFO: COMMIT
2020-01-15 20:24:50,811 -  /home/dawinia/anaconda3/envs/Scrapy/lib/python3.7/site-packages/scrapy/core/scraper.py[line:243] - DEBUG: Scraped from <200 http://piaofang.maoyan.com/second-box?beginDate=20160101>
None
2020-01-15 20:24:50,814 -  /home/dawinia/CodeBook/ScrapyProject/movie/movie/spiders/boxOffice_spider.py[line:46] - WARNING: get 5 movie info, named 一念天堂.
2020-01-15 20:24:50,816 -  /home/dawinia/CodeBook/ScrapyProject/movie/movie/dao/databasetable.py[line:42] - WARNING: here movieID equals to 342758
2020-01-15 20:24:50,816 -  /home/dawinia/CodeBook/ScrapyProject/movie/movie/dao/databasetable.py[line:42] - WARNING: here movieName equals to 一念天堂
2020-01-15 20:24:50,817 -  /home/dawinia/CodeBook/ScrapyProject/movie/movie/dao/databasetable.py[line:42] - WARNING: here seatRate equals to 33.1%
2020-01-15 20:24:50,817 -  /home/dawinia/CodeBook/ScrapyProject/movie/movie/dao/databasetable.py[line:42] - WARNING: here boxInfo equals to 2170.17
2020-01-15 20:24:50,817 -  /home/dawinia/CodeBook/ScrapyProject/movie/movie/dao/databasetable.py[line:42] - WARNING: here boxRate equals to 6.1%
2020-01-15 20:24:50,817 -  /home/dawinia/CodeBook/ScrapyProject/movie/movie/dao/databasetable.py[line:42] - WARNING: here releaseInfo equals to 上映2天
2020-01-15 20:24:50,818 -  /home/dawinia/CodeBook/ScrapyProject/movie/movie/dao/databasetable.py[line:42] - WARNING: here showInfo equals to 23122
2020-01-15 20:24:50,818 -  /home/dawinia/CodeBook/ScrapyProject/movie/movie/dao/databasetable.py[line:42] - WARNING: here showRate equals to 12.5%
2020-01-15 20:24:50,818 -  /home/dawinia/CodeBook/ScrapyProject/movie/movie/dao/databasetable.py[line:42] - WARNING: here splitBoxInfo equals to 2170.17
2020-01-15 20:24:50,818 -  /home/dawinia/CodeBook/ScrapyProject/movie/movie/dao/databasetable.py[line:42] - WARNING: here splitSumBoxInfo equals to 5342.2
2020-01-15 20:24:50,818 -  /home/dawinia/CodeBook/ScrapyProject/movie/movie/dao/databasetable.py[line:42] - WARNING: here sumBoxInfo equals to 5342.2
2020-01-15 20:24:50,819 -  /home/dawinia/CodeBook/ScrapyProject/movie/movie/dao/databasetable.py[line:42] - WARNING: here showView equals to 34
2020-01-15 20:24:50,819 -  /home/dawinia/CodeBook/ScrapyProject/movie/movie/dao/databasetable.py[line:42] - WARNING: here crawlDate equals to 2020-01-15
2020-01-15 20:24:50,819 -  /home/dawinia/CodeBook/ScrapyProject/movie/movie/dao/databasetable.py[line:42] - WARNING: here yearRate equals to 2020-01-15#5
2020-01-15 20:24:50,819 -  /home/dawinia/CodeBook/ScrapyProject/movie/movie/pipelines.py[line:53] - WARNING: insert database finished
2020-01-15 20:24:50,820 -  /home/dawinia/anaconda3/envs/Scrapy/lib/python3.7/site-packages/sqlalchemy/log.py[line:110] - INFO: BEGIN (implicit)
2020-01-15 20:24:50,821 -  /home/dawinia/anaconda3/envs/Scrapy/lib/python3.7/site-packages/sqlalchemy/log.py[line:110] - INFO: INSERT INTO `boxOffice` (`movieID`, `movieName`, `seatRate`, `boxInfo`, `boxRate`, `releaseInfo`, `showInfo`, `showRate`, `splitBoxInfo`, `splitSumBoxInfo`, `sumBoxInfo`, `showView`, `crawlDate`, `yearRate`) VALUES (%(movieID)s, %(movieName)s, %(seatRate)s, %(boxInfo)s, %(boxRate)s, %(releaseInfo)s, %(showInfo)s, %(showRate)s, %(splitBoxInfo)s, %(splitSumBoxInfo)s, %(sumBoxInfo)s, %(showView)s, %(crawlDate)s, %(yearRate)s)
2020-01-15 20:24:50,821 -  /home/dawinia/anaconda3/envs/Scrapy/lib/python3.7/site-packages/sqlalchemy/log.py[line:110] - INFO: {'movieID': 342758, 'movieName': '一念天堂', 'seatRate': '33.1%', 'boxInfo': '2170.17', 'boxRate': '6.1%', 'releaseInfo': '上映2天', 'showInfo': '23122', 'showRate': '12.5%', 'splitBoxInfo': '2170.17', 'splitSumBoxInfo': '5342.2', 'sumBoxInfo': '5342.2', 'showView': '34', 'crawlDate': datetime.date(2020, 1, 15), 'yearRate': '2020-01-15#5'}
2020-01-15 20:24:50,823 -  /home/dawinia/anaconda3/envs/Scrapy/lib/python3.7/site-packages/sqlalchemy/log.py[line:110] - INFO: COMMIT
2020-01-15 20:24:50,959 -  /home/dawinia/anaconda3/envs/Scrapy/lib/python3.7/site-packages/scrapy/core/scraper.py[line:243] - DEBUG: Scraped from <200 http://piaofang.maoyan.com/second-box?beginDate=20160101>
None
2020-01-15 20:24:50,962 -  /home/dawinia/CodeBook/ScrapyProject/movie/movie/spiders/boxOffice_spider.py[line:46] - WARNING: get 6 movie info, named 恶棍天使.
2020-01-15 20:24:50,965 -  /home/dawinia/CodeBook/ScrapyProject/movie/movie/dao/databasetable.py[line:42] - WARNING: here movieID equals to 246581
2020-01-15 20:24:50,965 -  /home/dawinia/CodeBook/ScrapyProject/movie/movie/dao/databasetable.py[line:42] - WARNING: here movieName equals to 恶棍天使
2020-01-15 20:24:50,965 -  /home/dawinia/CodeBook/ScrapyProject/movie/movie/dao/databasetable.py[line:42] - WARNING: here seatRate equals to 60.5%
2020-01-15 20:24:50,965 -  /home/dawinia/CodeBook/ScrapyProject/movie/movie/dao/databasetable.py[line:42] - WARNING: here boxInfo equals to 1650.96
2020-01-15 20:24:50,966 -  /home/dawinia/CodeBook/ScrapyProject/movie/movie/dao/databasetable.py[line:42] - WARNING: here boxRate equals to 4.7%
2020-01-15 20:24:50,966 -  /home/dawinia/CodeBook/ScrapyProject/movie/movie/dao/databasetable.py[line:42] - WARNING: here releaseInfo equals to 上映9天
2020-01-15 20:24:50,966 -  /home/dawinia/CodeBook/ScrapyProject/movie/movie/dao/databasetable.py[line:42] - WARNING: here showInfo equals to 12511
2020-01-15 20:24:50,966 -  /home/dawinia/CodeBook/ScrapyProject/movie/movie/dao/databasetable.py[line:42] - WARNING: here showRate equals to 6.7%
2020-01-15 20:24:50,966 -  /home/dawinia/CodeBook/ScrapyProject/movie/movie/dao/databasetable.py[line:42] - WARNING: here splitBoxInfo equals to 1650.96
2020-01-15 20:24:50,967 -  /home/dawinia/CodeBook/ScrapyProject/movie/movie/dao/databasetable.py[line:42] - WARNING: here splitSumBoxInfo equals to 61200.0
2020-01-15 20:24:50,967 -  /home/dawinia/CodeBook/ScrapyProject/movie/movie/dao/databasetable.py[line:42] - WARNING: here sumBoxInfo equals to 61200.0
2020-01-15 20:24:50,967 -  /home/dawinia/CodeBook/ScrapyProject/movie/movie/dao/databasetable.py[line:42] - WARNING: here showView equals to 44
2020-01-15 20:24:50,967 -  /home/dawinia/CodeBook/ScrapyProject/movie/movie/dao/databasetable.py[line:42] - WARNING: here crawlDate equals to 2020-01-15
2020-01-15 20:24:50,967 -  /home/dawinia/CodeBook/ScrapyProject/movie/movie/dao/databasetable.py[line:42] - WARNING: here yearRate equals to 2020-01-15#6
2020-01-15 20:24:50,968 -  /home/dawinia/CodeBook/ScrapyProject/movie/movie/pipelines.py[line:53] - WARNING: insert database finished
2020-01-15 20:24:50,968 -  /home/dawinia/anaconda3/envs/Scrapy/lib/python3.7/site-packages/sqlalchemy/log.py[line:110] - INFO: BEGIN (implicit)
2020-01-15 20:24:50,969 -  /home/dawinia/anaconda3/envs/Scrapy/lib/python3.7/site-packages/sqlalchemy/log.py[line:110] - INFO: INSERT INTO `boxOffice` (`movieID`, `movieName`, `seatRate`, `boxInfo`, `boxRate`, `releaseInfo`, `showInfo`, `showRate`, `splitBoxInfo`, `splitSumBoxInfo`, `sumBoxInfo`, `showView`, `crawlDate`, `yearRate`) VALUES (%(movieID)s, %(movieName)s, %(seatRate)s, %(boxInfo)s, %(boxRate)s, %(releaseInfo)s, %(showInfo)s, %(showRate)s, %(splitBoxInfo)s, %(splitSumBoxInfo)s, %(sumBoxInfo)s, %(showView)s, %(crawlDate)s, %(yearRate)s)
2020-01-15 20:24:50,969 -  /home/dawinia/anaconda3/envs/Scrapy/lib/python3.7/site-packages/sqlalchemy/log.py[line:110] - INFO: {'movieID': 246581, 'movieName': '恶棍天使', 'seatRate': '60.5%', 'boxInfo': '1650.96', 'boxRate': '4.7%', 'releaseInfo': '上映9天', 'showInfo': '12511', 'showRate': '6.7%', 'splitBoxInfo': '1650.96', 'splitSumBoxInfo': '61200.0', 'sumBoxInfo': '61200.0', 'showView': '44', 'crawlDate': datetime.date(2020, 1, 15), 'yearRate': '2020-01-15#6'}
2020-01-15 20:24:50,972 -  /home/dawinia/anaconda3/envs/Scrapy/lib/python3.7/site-packages/sqlalchemy/log.py[line:110] - INFO: COMMIT
2020-01-15 20:24:51,093 -  /home/dawinia/anaconda3/envs/Scrapy/lib/python3.7/site-packages/scrapy/core/scraper.py[line:243] - DEBUG: Scraped from <200 http://piaofang.maoyan.com/second-box?beginDate=20160101>
None
2020-01-15 20:24:51,096 -  /home/dawinia/CodeBook/ScrapyProject/movie/movie/spiders/boxOffice_spider.py[line:46] - WARNING: get 7 movie info, named 一切都好.
2020-01-15 20:24:51,098 -  /home/dawinia/CodeBook/ScrapyProject/movie/movie/dao/databasetable.py[line:42] - WARNING: here movieID equals to 341056
2020-01-15 20:24:51,098 -  /home/dawinia/CodeBook/ScrapyProject/movie/movie/dao/databasetable.py[line:42] - WARNING: here movieName equals to 一切都好
2020-01-15 20:24:51,098 -  /home/dawinia/CodeBook/ScrapyProject/movie/movie/dao/databasetable.py[line:42] - WARNING: here seatRate equals to 23.8%
2020-01-15 20:24:51,099 -  /home/dawinia/CodeBook/ScrapyProject/movie/movie/dao/databasetable.py[line:42] - WARNING: here boxInfo equals to 842.19
2020-01-15 20:24:51,099 -  /home/dawinia/CodeBook/ScrapyProject/movie/movie/dao/databasetable.py[line:42] - WARNING: here boxRate equals to 2.4%
2020-01-15 20:24:51,099 -  /home/dawinia/CodeBook/ScrapyProject/movie/movie/dao/databasetable.py[line:42] - WARNING: here releaseInfo equals to 上映首日
2020-01-15 20:24:51,099 -  /home/dawinia/CodeBook/ScrapyProject/movie/movie/dao/databasetable.py[line:42] - WARNING: here showInfo equals to 13781
2020-01-15 20:24:51,099 -  /home/dawinia/CodeBook/ScrapyProject/movie/movie/dao/databasetable.py[line:42] - WARNING: here showRate equals to 7.4%
2020-01-15 20:24:51,099 -  /home/dawinia/CodeBook/ScrapyProject/movie/movie/dao/databasetable.py[line:42] - WARNING: here splitBoxInfo equals to 842.19
2020-01-15 20:24:51,100 -  /home/dawinia/CodeBook/ScrapyProject/movie/movie/dao/databasetable.py[line:42] - WARNING: here splitSumBoxInfo equals to 1518.5
2020-01-15 20:24:51,100 -  /home/dawinia/CodeBook/ScrapyProject/movie/movie/dao/databasetable.py[line:42] - WARNING: here sumBoxInfo equals to 1518.5
2020-01-15 20:24:51,100 -  /home/dawinia/CodeBook/ScrapyProject/movie/movie/dao/databasetable.py[line:42] - WARNING: here showView equals to 21
2020-01-15 20:24:51,100 -  /home/dawinia/CodeBook/ScrapyProject/movie/movie/dao/databasetable.py[line:42] - WARNING: here crawlDate equals to 2020-01-15
2020-01-15 20:24:51,100 -  /home/dawinia/CodeBook/ScrapyProject/movie/movie/dao/databasetable.py[line:42] - WARNING: here yearRate equals to 2020-01-15#7
2020-01-15 20:24:51,101 -  /home/dawinia/CodeBook/ScrapyProject/movie/movie/pipelines.py[line:53] - WARNING: insert database finished
2020-01-15 20:24:51,101 -  /home/dawinia/anaconda3/envs/Scrapy/lib/python3.7/site-packages/sqlalchemy/log.py[line:110] - INFO: BEGIN (implicit)
2020-01-15 20:24:51,102 -  /home/dawinia/anaconda3/envs/Scrapy/lib/python3.7/site-packages/sqlalchemy/log.py[line:110] - INFO: INSERT INTO `boxOffice` (`movieID`, `movieName`, `seatRate`, `boxInfo`, `boxRate`, `releaseInfo`, `showInfo`, `showRate`, `splitBoxInfo`, `splitSumBoxInfo`, `sumBoxInfo`, `showView`, `crawlDate`, `yearRate`) VALUES (%(movieID)s, %(movieName)s, %(seatRate)s, %(boxInfo)s, %(boxRate)s, %(releaseInfo)s, %(showInfo)s, %(showRate)s, %(splitBoxInfo)s, %(splitSumBoxInfo)s, %(sumBoxInfo)s, %(showView)s, %(crawlDate)s, %(yearRate)s)
2020-01-15 20:24:51,102 -  /home/dawinia/anaconda3/envs/Scrapy/lib/python3.7/site-packages/sqlalchemy/log.py[line:110] - INFO: {'movieID': 341056, 'movieName': '一切都好', 'seatRate': '23.8%', 'boxInfo': '842.19', 'boxRate': '2.4%', 'releaseInfo': '上映首日', 'showInfo': '13781', 'showRate': '7.4%', 'splitBoxInfo': '842.19', 'splitSumBoxInfo': '1518.5', 'sumBoxInfo': '1518.5', 'showView': '21', 'crawlDate': datetime.date(2020, 1, 15), 'yearRate': '2020-01-15#7'}
2020-01-15 20:24:51,104 -  /home/dawinia/anaconda3/envs/Scrapy/lib/python3.7/site-packages/sqlalchemy/log.py[line:110] - INFO: COMMIT
2020-01-15 20:24:51,241 -  /home/dawinia/anaconda3/envs/Scrapy/lib/python3.7/site-packages/scrapy/core/scraper.py[line:243] - DEBUG: Scraped from <200 http://piaofang.maoyan.com/second-box?beginDate=20160101>
None
2020-01-15 20:24:51,243 -  /home/dawinia/CodeBook/ScrapyProject/movie/movie/spiders/boxOffice_spider.py[line:46] - WARNING: get 8 movie info, named 分手再说我爱你.
2020-01-15 20:24:51,246 -  /home/dawinia/CodeBook/ScrapyProject/movie/movie/dao/databasetable.py[line:42] - WARNING: here movieID equals to 344687
2020-01-15 20:24:51,246 -  /home/dawinia/CodeBook/ScrapyProject/movie/movie/dao/databasetable.py[line:42] - WARNING: here movieName equals to 分手再说我爱你
2020-01-15 20:24:51,246 -  /home/dawinia/CodeBook/ScrapyProject/movie/movie/dao/databasetable.py[line:42] - WARNING: here seatRate equals to 46.3%
2020-01-15 20:24:51,246 -  /home/dawinia/CodeBook/ScrapyProject/movie/movie/dao/databasetable.py[line:42] - WARNING: here boxInfo equals to 73.51
2020-01-15 20:24:51,247 -  /home/dawinia/CodeBook/ScrapyProject/movie/movie/dao/databasetable.py[line:42] - WARNING: here boxRate equals to 0.2%
2020-01-15 20:24:51,247 -  /home/dawinia/CodeBook/ScrapyProject/movie/movie/dao/databasetable.py[line:42] - WARNING: here releaseInfo equals to 上映9天
2020-01-15 20:24:51,247 -  /home/dawinia/CodeBook/ScrapyProject/movie/movie/dao/databasetable.py[line:42] - WARNING: here showInfo equals to 565
2020-01-15 20:24:51,247 -  /home/dawinia/CodeBook/ScrapyProject/movie/movie/dao/databasetable.py[line:42] - WARNING: here showRate equals to 0.3%
2020-01-15 20:24:51,247 -  /home/dawinia/CodeBook/ScrapyProject/movie/movie/dao/databasetable.py[line:42] - WARNING: here splitBoxInfo equals to 73.51
2020-01-15 20:24:51,248 -  /home/dawinia/CodeBook/ScrapyProject/movie/movie/dao/databasetable.py[line:42] - WARNING: here splitSumBoxInfo equals to 980.4
2020-01-15 20:24:51,248 -  /home/dawinia/CodeBook/ScrapyProject/movie/movie/dao/databasetable.py[line:42] - WARNING: here sumBoxInfo equals to 980.4
2020-01-15 20:24:51,248 -  /home/dawinia/CodeBook/ScrapyProject/movie/movie/dao/databasetable.py[line:42] - WARNING: here showView equals to 42
2020-01-15 20:24:51,248 -  /home/dawinia/CodeBook/ScrapyProject/movie/movie/dao/databasetable.py[line:42] - WARNING: here crawlDate equals to 2020-01-15
2020-01-15 20:24:51,249 -  /home/dawinia/CodeBook/ScrapyProject/movie/movie/dao/databasetable.py[line:42] - WARNING: here yearRate equals to 2020-01-15#8
2020-01-15 20:24:51,249 -  /home/dawinia/CodeBook/ScrapyProject/movie/movie/pipelines.py[line:53] - WARNING: insert database finished
2020-01-15 20:24:51,250 -  /home/dawinia/anaconda3/envs/Scrapy/lib/python3.7/site-packages/sqlalchemy/log.py[line:110] - INFO: BEGIN (implicit)
2020-01-15 20:24:51,250 -  /home/dawinia/anaconda3/envs/Scrapy/lib/python3.7/site-packages/sqlalchemy/log.py[line:110] - INFO: INSERT INTO `boxOffice` (`movieID`, `movieName`, `seatRate`, `boxInfo`, `boxRate`, `releaseInfo`, `showInfo`, `showRate`, `splitBoxInfo`, `splitSumBoxInfo`, `sumBoxInfo`, `showView`, `crawlDate`, `yearRate`) VALUES (%(movieID)s, %(movieName)s, %(seatRate)s, %(boxInfo)s, %(boxRate)s, %(releaseInfo)s, %(showInfo)s, %(showRate)s, %(splitBoxInfo)s, %(splitSumBoxInfo)s, %(sumBoxInfo)s, %(showView)s, %(crawlDate)s, %(yearRate)s)
2020-01-15 20:24:51,251 -  /home/dawinia/anaconda3/envs/Scrapy/lib/python3.7/site-packages/sqlalchemy/log.py[line:110] - INFO: {'movieID': 344687, 'movieName': '分手再说我爱你', 'seatRate': '46.3%', 'boxInfo': '73.51', 'boxRate': '0.2%', 'releaseInfo': '上映9天', 'showInfo': '565', 'showRate': '0.3%', 'splitBoxInfo': '73.51', 'splitSumBoxInfo': '980.4', 'sumBoxInfo': '980.4', 'showView': '42', 'crawlDate': datetime.date(2020, 1, 15), 'yearRate': '2020-01-15#8'}
2020-01-15 20:24:51,339 -  /home/dawinia/anaconda3/envs/Scrapy/lib/python3.7/site-packages/sqlalchemy/log.py[line:110] - INFO: COMMIT
2020-01-15 20:24:51,511 -  /home/dawinia/anaconda3/envs/Scrapy/lib/python3.7/site-packages/scrapy/core/scraper.py[line:243] - DEBUG: Scraped from <200 http://piaofang.maoyan.com/second-box?beginDate=20160101>
None
2020-01-15 20:24:51,512 -  /home/dawinia/CodeBook/ScrapyProject/movie/movie/spiders/boxOffice_spider.py[line:46] - WARNING: get 9 movie info, named 索命暹罗之按摩师.
2020-01-15 20:24:51,513 -  /home/dawinia/CodeBook/ScrapyProject/movie/movie/dao/databasetable.py[line:42] - WARNING: here movieID equals to 336731
2020-01-15 20:24:51,514 -  /home/dawinia/CodeBook/ScrapyProject/movie/movie/dao/databasetable.py[line:42] - WARNING: here movieName equals to 索命暹罗之按摩师
2020-01-15 20:24:51,514 -  /home/dawinia/CodeBook/ScrapyProject/movie/movie/dao/databasetable.py[line:42] - WARNING: here seatRate equals to 15.1%
2020-01-15 20:24:51,514 -  /home/dawinia/CodeBook/ScrapyProject/movie/movie/dao/databasetable.py[line:42] - WARNING: here boxInfo equals to 36.42
2020-01-15 20:24:51,514 -  /home/dawinia/CodeBook/ScrapyProject/movie/movie/dao/databasetable.py[line:42] - WARNING: here boxRate equals to 0.1%
2020-01-15 20:24:51,514 -  /home/dawinia/CodeBook/ScrapyProject/movie/movie/dao/databasetable.py[line:42] - WARNING: here releaseInfo equals to 上映2天
2020-01-15 20:24:51,514 -  /home/dawinia/CodeBook/ScrapyProject/movie/movie/dao/databasetable.py[line:42] - WARNING: here showInfo equals to 1569
2020-01-15 20:24:51,514 -  /home/dawinia/CodeBook/ScrapyProject/movie/movie/dao/databasetable.py[line:42] - WARNING: here showRate equals to 0.8%
2020-01-15 20:24:51,514 -  /home/dawinia/CodeBook/ScrapyProject/movie/movie/dao/databasetable.py[line:42] - WARNING: here splitBoxInfo equals to 36.42
2020-01-15 20:24:51,515 -  /home/dawinia/CodeBook/ScrapyProject/movie/movie/dao/databasetable.py[line:42] - WARNING: here splitSumBoxInfo equals to 116.6
2020-01-15 20:24:51,515 -  /home/dawinia/CodeBook/ScrapyProject/movie/movie/dao/databasetable.py[line:42] - WARNING: here sumBoxInfo equals to 116.6
2020-01-15 20:24:51,515 -  /home/dawinia/CodeBook/ScrapyProject/movie/movie/dao/databasetable.py[line:42] - WARNING: here showView equals to 10
2020-01-15 20:24:51,515 -  /home/dawinia/CodeBook/ScrapyProject/movie/movie/dao/databasetable.py[line:42] - WARNING: here crawlDate equals to 2020-01-15
2020-01-15 20:24:51,515 -  /home/dawinia/CodeBook/ScrapyProject/movie/movie/dao/databasetable.py[line:42] - WARNING: here yearRate equals to 2020-01-15#9
2020-01-15 20:24:51,515 -  /home/dawinia/CodeBook/ScrapyProject/movie/movie/pipelines.py[line:53] - WARNING: insert database finished
2020-01-15 20:24:51,515 -  /home/dawinia/anaconda3/envs/Scrapy/lib/python3.7/site-packages/sqlalchemy/log.py[line:110] - INFO: BEGIN (implicit)
2020-01-15 20:24:51,516 -  /home/dawinia/anaconda3/envs/Scrapy/lib/python3.7/site-packages/sqlalchemy/log.py[line:110] - INFO: INSERT INTO `boxOffice` (`movieID`, `movieName`, `seatRate`, `boxInfo`, `boxRate`, `releaseInfo`, `showInfo`, `showRate`, `splitBoxInfo`, `splitSumBoxInfo`, `sumBoxInfo`, `showView`, `crawlDate`, `yearRate`) VALUES (%(movieID)s, %(movieName)s, %(seatRate)s, %(boxInfo)s, %(boxRate)s, %(releaseInfo)s, %(showInfo)s, %(showRate)s, %(splitBoxInfo)s, %(splitSumBoxInfo)s, %(sumBoxInfo)s, %(showView)s, %(crawlDate)s, %(yearRate)s)
2020-01-15 20:24:51,516 -  /home/dawinia/anaconda3/envs/Scrapy/lib/python3.7/site-packages/sqlalchemy/log.py[line:110] - INFO: {'movieID': 336731, 'movieName': '索命暹罗之按摩师', 'seatRate': '15.1%', 'boxInfo': '36.42', 'boxRate': '0.1%', 'releaseInfo': '上映2天', 'showInfo': '1569', 'showRate': '0.8%', 'splitBoxInfo': '36.42', 'splitSumBoxInfo': '116.6', 'sumBoxInfo': '116.6', 'showView': '10', 'crawlDate': datetime.date(2020, 1, 15), 'yearRate': '2020-01-15#9'}
2020-01-15 20:24:51,517 -  /home/dawinia/anaconda3/envs/Scrapy/lib/python3.7/site-packages/sqlalchemy/log.py[line:110] - INFO: COMMIT
2020-01-15 20:24:51,670 -  /home/dawinia/anaconda3/envs/Scrapy/lib/python3.7/site-packages/scrapy/core/scraper.py[line:243] - DEBUG: Scraped from <200 http://piaofang.maoyan.com/second-box?beginDate=20160101>
None
2020-01-15 20:24:51,673 -  /home/dawinia/CodeBook/ScrapyProject/movie/movie/spiders/boxOffice_spider.py[line:46] - WARNING: get 10 movie info, named 万万没想到.
2020-01-15 20:24:51,675 -  /home/dawinia/CodeBook/ScrapyProject/movie/movie/dao/databasetable.py[line:42] - WARNING: here movieID equals to 248213
2020-01-15 20:24:51,675 -  /home/dawinia/CodeBook/ScrapyProject/movie/movie/dao/databasetable.py[line:42] - WARNING: here movieName equals to 万万没想到
2020-01-15 20:24:51,676 -  /home/dawinia/CodeBook/ScrapyProject/movie/movie/dao/databasetable.py[line:42] - WARNING: here seatRate equals to 26.3%
2020-01-15 20:24:51,676 -  /home/dawinia/CodeBook/ScrapyProject/movie/movie/dao/databasetable.py[line:42] - WARNING: here boxInfo equals to 31.22
2020-01-15 20:24:51,676 -  /home/dawinia/CodeBook/ScrapyProject/movie/movie/dao/databasetable.py[line:42] - WARNING: here boxRate equals to <0.1%
2020-01-15 20:24:51,676 -  /home/dawinia/CodeBook/ScrapyProject/movie/movie/dao/databasetable.py[line:42] - WARNING: here releaseInfo equals to 上映15天
2020-01-15 20:24:51,676 -  /home/dawinia/CodeBook/ScrapyProject/movie/movie/dao/databasetable.py[line:42] - WARNING: here showInfo equals to 697
2020-01-15 20:24:51,677 -  /home/dawinia/CodeBook/ScrapyProject/movie/movie/dao/databasetable.py[line:42] - WARNING: here showRate equals to 0.3%
2020-01-15 20:24:51,677 -  /home/dawinia/CodeBook/ScrapyProject/movie/movie/dao/databasetable.py[line:42] - WARNING: here splitBoxInfo equals to 31.22
2020-01-15 20:24:51,677 -  /home/dawinia/CodeBook/ScrapyProject/movie/movie/dao/databasetable.py[line:42] - WARNING: here splitSumBoxInfo equals to 32100.0
2020-01-15 20:24:51,677 -  /home/dawinia/CodeBook/ScrapyProject/movie/movie/dao/databasetable.py[line:42] - WARNING: here sumBoxInfo equals to 32100.0
2020-01-15 20:24:51,677 -  /home/dawinia/CodeBook/ScrapyProject/movie/movie/dao/databasetable.py[line:42] - WARNING: here showView equals to 16
2020-01-15 20:24:51,678 -  /home/dawinia/CodeBook/ScrapyProject/movie/movie/dao/databasetable.py[line:42] - WARNING: here crawlDate equals to 2020-01-15
2020-01-15 20:24:51,678 -  /home/dawinia/CodeBook/ScrapyProject/movie/movie/dao/databasetable.py[line:42] - WARNING: here yearRate equals to 2020-01-15#10
2020-01-15 20:24:51,678 -  /home/dawinia/CodeBook/ScrapyProject/movie/movie/pipelines.py[line:53] - WARNING: insert database finished
2020-01-15 20:24:51,679 -  /home/dawinia/anaconda3/envs/Scrapy/lib/python3.7/site-packages/sqlalchemy/log.py[line:110] - INFO: BEGIN (implicit)
2020-01-15 20:24:51,679 -  /home/dawinia/anaconda3/envs/Scrapy/lib/python3.7/site-packages/sqlalchemy/log.py[line:110] - INFO: INSERT INTO `boxOffice` (`movieID`, `movieName`, `seatRate`, `boxInfo`, `boxRate`, `releaseInfo`, `showInfo`, `showRate`, `splitBoxInfo`, `splitSumBoxInfo`, `sumBoxInfo`, `showView`, `crawlDate`, `yearRate`) VALUES (%(movieID)s, %(movieName)s, %(seatRate)s, %(boxInfo)s, %(boxRate)s, %(releaseInfo)s, %(showInfo)s, %(showRate)s, %(splitBoxInfo)s, %(splitSumBoxInfo)s, %(sumBoxInfo)s, %(showView)s, %(crawlDate)s, %(yearRate)s)
2020-01-15 20:24:51,680 -  /home/dawinia/anaconda3/envs/Scrapy/lib/python3.7/site-packages/sqlalchemy/log.py[line:110] - INFO: {'movieID': 248213, 'movieName': '万万没想到', 'seatRate': '26.3%', 'boxInfo': '31.22', 'boxRate': '<0.1%', 'releaseInfo': '上映15天', 'showInfo': '697', 'showRate': '0.3%', 'splitBoxInfo': '31.22', 'splitSumBoxInfo': '32100.0', 'sumBoxInfo': '32100.0', 'showView': '16', 'crawlDate': datetime.date(2020, 1, 15), 'yearRate': '2020-01-15#10'}
2020-01-15 20:24:51,682 -  /home/dawinia/anaconda3/envs/Scrapy/lib/python3.7/site-packages/sqlalchemy/log.py[line:110] - INFO: COMMIT
2020-01-15 20:24:51,780 -  /home/dawinia/anaconda3/envs/Scrapy/lib/python3.7/site-packages/scrapy/core/scraper.py[line:243] - DEBUG: Scraped from <200 http://piaofang.maoyan.com/second-box?beginDate=20160101>
None
2020-01-15 20:24:51,782 -  /home/dawinia/CodeBook/ScrapyProject/movie/movie/spiders/boxOffice_spider.py[line:46] - WARNING: get 11 movie info, named 咕噜咕噜美人鱼.
2020-01-15 20:24:51,784 -  /home/dawinia/CodeBook/ScrapyProject/movie/movie/dao/databasetable.py[line:42] - WARNING: here movieID equals to 342109
2020-01-15 20:24:51,785 -  /home/dawinia/CodeBook/ScrapyProject/movie/movie/dao/databasetable.py[line:42] - WARNING: here movieName equals to 咕噜咕噜美人鱼
2020-01-15 20:24:51,785 -  /home/dawinia/CodeBook/ScrapyProject/movie/movie/dao/databasetable.py[line:42] - WARNING: here seatRate equals to 35.5%
2020-01-15 20:24:51,785 -  /home/dawinia/CodeBook/ScrapyProject/movie/movie/dao/databasetable.py[line:42] - WARNING: here boxInfo equals to 21.51
2020-01-15 20:24:51,785 -  /home/dawinia/CodeBook/ScrapyProject/movie/movie/dao/databasetable.py[line:42] - WARNING: here boxRate equals to <0.1%
2020-01-15 20:24:51,786 -  /home/dawinia/CodeBook/ScrapyProject/movie/movie/dao/databasetable.py[line:42] - WARNING: here releaseInfo equals to 上映21天
2020-01-15 20:24:51,786 -  /home/dawinia/CodeBook/ScrapyProject/movie/movie/dao/databasetable.py[line:42] - WARNING: here showInfo equals to 463
2020-01-15 20:24:51,786 -  /home/dawinia/CodeBook/ScrapyProject/movie/movie/dao/databasetable.py[line:42] - WARNING: here showRate equals to 0.2%
2020-01-15 20:24:51,786 -  /home/dawinia/CodeBook/ScrapyProject/movie/movie/dao/databasetable.py[line:42] - WARNING: here splitBoxInfo equals to 21.51
2020-01-15 20:24:51,786 -  /home/dawinia/CodeBook/ScrapyProject/movie/movie/dao/databasetable.py[line:42] - WARNING: here splitSumBoxInfo equals to 944.3
2020-01-15 20:24:51,787 -  /home/dawinia/CodeBook/ScrapyProject/movie/movie/dao/databasetable.py[line:42] - WARNING: here sumBoxInfo equals to 944.3
2020-01-15 20:24:51,787 -  /home/dawinia/CodeBook/ScrapyProject/movie/movie/dao/databasetable.py[line:42] - WARNING: here showView equals to 18
2020-01-15 20:24:51,787 -  /home/dawinia/CodeBook/ScrapyProject/movie/movie/dao/databasetable.py[line:42] - WARNING: here crawlDate equals to 2020-01-15
2020-01-15 20:24:51,787 -  /home/dawinia/CodeBook/ScrapyProject/movie/movie/dao/databasetable.py[line:42] - WARNING: here yearRate equals to 2020-01-15#11
2020-01-15 20:24:51,788 -  /home/dawinia/CodeBook/ScrapyProject/movie/movie/pipelines.py[line:53] - WARNING: insert database finished
2020-01-15 20:24:51,788 -  /home/dawinia/anaconda3/envs/Scrapy/lib/python3.7/site-packages/sqlalchemy/log.py[line:110] - INFO: BEGIN (implicit)
2020-01-15 20:24:51,789 -  /home/dawinia/anaconda3/envs/Scrapy/lib/python3.7/site-packages/sqlalchemy/log.py[line:110] - INFO: INSERT INTO `boxOffice` (`movieID`, `movieName`, `seatRate`, `boxInfo`, `boxRate`, `releaseInfo`, `showInfo`, `showRate`, `splitBoxInfo`, `splitSumBoxInfo`, `sumBoxInfo`, `showView`, `crawlDate`, `yearRate`) VALUES (%(movieID)s, %(movieName)s, %(seatRate)s, %(boxInfo)s, %(boxRate)s, %(releaseInfo)s, %(showInfo)s, %(showRate)s, %(splitBoxInfo)s, %(splitSumBoxInfo)s, %(sumBoxInfo)s, %(showView)s, %(crawlDate)s, %(yearRate)s)
2020-01-15 20:24:51,789 -  /home/dawinia/anaconda3/envs/Scrapy/lib/python3.7/site-packages/sqlalchemy/log.py[line:110] - INFO: {'movieID': 342109, 'movieName': '咕噜咕噜美人鱼', 'seatRate': '35.5%', 'boxInfo': '21.51', 'boxRate': '<0.1%', 'releaseInfo': '上映21天', 'showInfo': '463', 'showRate': '0.2%', 'splitBoxInfo': '21.51', 'splitSumBoxInfo': '944.3', 'sumBoxInfo': '944.3', 'showView': '18', 'crawlDate': datetime.date(2020, 1, 15), 'yearRate': '2020-01-15#11'}
2020-01-15 20:24:51,791 -  /home/dawinia/anaconda3/envs/Scrapy/lib/python3.7/site-packages/sqlalchemy/log.py[line:110] - INFO: COMMIT
2020-01-15 20:24:51,927 -  /home/dawinia/anaconda3/envs/Scrapy/lib/python3.7/site-packages/scrapy/core/scraper.py[line:243] - DEBUG: Scraped from <200 http://piaofang.maoyan.com/second-box?beginDate=20160101>
None
2020-01-15 20:24:51,930 -  /home/dawinia/CodeBook/ScrapyProject/movie/movie/spiders/boxOffice_spider.py[line:46] - WARNING: get 12 movie info, named 皇帝的新装之圣诞大明星.
2020-01-15 20:24:51,932 -  /home/dawinia/CodeBook/ScrapyProject/movie/movie/dao/databasetable.py[line:42] - WARNING: here movieID equals to 344992
2020-01-15 20:24:51,933 -  /home/dawinia/CodeBook/ScrapyProject/movie/movie/dao/databasetable.py[line:42] - WARNING: here movieName equals to 皇帝的新装之圣诞大明星
2020-01-15 20:24:51,933 -  /home/dawinia/CodeBook/ScrapyProject/movie/movie/dao/databasetable.py[line:42] - WARNING: here seatRate equals to 13.5%
2020-01-15 20:24:51,933 -  /home/dawinia/CodeBook/ScrapyProject/movie/movie/dao/databasetable.py[line:42] - WARNING: here boxInfo equals to 21.09
2020-01-15 20:24:51,933 -  /home/dawinia/CodeBook/ScrapyProject/movie/movie/dao/databasetable.py[line:42] - WARNING: here boxRate equals to <0.1%
2020-01-15 20:24:51,934 -  /home/dawinia/CodeBook/ScrapyProject/movie/movie/dao/databasetable.py[line:42] - WARNING: here releaseInfo equals to 上映首日
2020-01-15 20:24:51,934 -  /home/dawinia/CodeBook/ScrapyProject/movie/movie/dao/databasetable.py[line:42] - WARNING: here showInfo equals to 894
2020-01-15 20:24:51,934 -  /home/dawinia/CodeBook/ScrapyProject/movie/movie/dao/databasetable.py[line:42] - WARNING: here showRate equals to 0.4%
2020-01-15 20:24:51,934 -  /home/dawinia/CodeBook/ScrapyProject/movie/movie/dao/databasetable.py[line:42] - WARNING: here splitBoxInfo equals to 21.09
2020-01-15 20:24:51,934 -  /home/dawinia/CodeBook/ScrapyProject/movie/movie/dao/databasetable.py[line:42] - WARNING: here splitSumBoxInfo equals to 39.7
2020-01-15 20:24:51,934 -  /home/dawinia/CodeBook/ScrapyProject/movie/movie/dao/databasetable.py[line:42] - WARNING: here sumBoxInfo equals to 39.7
2020-01-15 20:24:51,935 -  /home/dawinia/CodeBook/ScrapyProject/movie/movie/dao/databasetable.py[line:42] - WARNING: here showView equals to 9
2020-01-15 20:24:51,935 -  /home/dawinia/CodeBook/ScrapyProject/movie/movie/dao/databasetable.py[line:42] - WARNING: here crawlDate equals to 2020-01-15
2020-01-15 20:24:51,935 -  /home/dawinia/CodeBook/ScrapyProject/movie/movie/dao/databasetable.py[line:42] - WARNING: here yearRate equals to 2020-01-15#12
2020-01-15 20:24:51,935 -  /home/dawinia/CodeBook/ScrapyProject/movie/movie/pipelines.py[line:53] - WARNING: insert database finished
2020-01-15 20:24:51,936 -  /home/dawinia/anaconda3/envs/Scrapy/lib/python3.7/site-packages/sqlalchemy/log.py[line:110] - INFO: BEGIN (implicit)
2020-01-15 20:24:51,937 -  /home/dawinia/anaconda3/envs/Scrapy/lib/python3.7/site-packages/sqlalchemy/log.py[line:110] - INFO: INSERT INTO `boxOffice` (`movieID`, `movieName`, `seatRate`, `boxInfo`, `boxRate`, `releaseInfo`, `showInfo`, `showRate`, `splitBoxInfo`, `splitSumBoxInfo`, `sumBoxInfo`, `showView`, `crawlDate`, `yearRate`) VALUES (%(movieID)s, %(movieName)s, %(seatRate)s, %(boxInfo)s, %(boxRate)s, %(releaseInfo)s, %(showInfo)s, %(showRate)s, %(splitBoxInfo)s, %(splitSumBoxInfo)s, %(sumBoxInfo)s, %(showView)s, %(crawlDate)s, %(yearRate)s)
2020-01-15 20:24:51,937 -  /home/dawinia/anaconda3/envs/Scrapy/lib/python3.7/site-packages/sqlalchemy/log.py[line:110] - INFO: {'movieID': 344992, 'movieName': '皇帝的新装之圣诞大明星', 'seatRate': '13.5%', 'boxInfo': '21.09', 'boxRate': '<0.1%', 'releaseInfo': '上映首日', 'showInfo': '894', 'showRate': '0.4%', 'splitBoxInfo': '21.09', 'splitSumBoxInfo': '39.7', 'sumBoxInfo': '39.7', 'showView': '9', 'crawlDate': datetime.date(2020, 1, 15), 'yearRate': '2020-01-15#12'}
2020-01-15 20:24:51,940 -  /home/dawinia/anaconda3/envs/Scrapy/lib/python3.7/site-packages/sqlalchemy/log.py[line:110] - INFO: COMMIT
2020-01-15 20:24:52,062 -  /home/dawinia/anaconda3/envs/Scrapy/lib/python3.7/site-packages/scrapy/core/scraper.py[line:243] - DEBUG: Scraped from <200 http://piaofang.maoyan.com/second-box?beginDate=20160101>
None
2020-01-15 20:24:52,064 -  /home/dawinia/CodeBook/ScrapyProject/movie/movie/spiders/boxOffice_spider.py[line:46] - WARNING: get 13 movie info, named 诡娃娃.
2020-01-15 20:24:52,067 -  /home/dawinia/CodeBook/ScrapyProject/movie/movie/dao/databasetable.py[line:42] - WARNING: here movieID equals to 343767
2020-01-15 20:24:52,067 -  /home/dawinia/CodeBook/ScrapyProject/movie/movie/dao/databasetable.py[line:42] - WARNING: here movieName equals to 诡娃娃
2020-01-15 20:24:52,067 -  /home/dawinia/CodeBook/ScrapyProject/movie/movie/dao/databasetable.py[line:42] - WARNING: here seatRate equals to 55.2%
2020-01-15 20:24:52,068 -  /home/dawinia/CodeBook/ScrapyProject/movie/movie/dao/databasetable.py[line:42] - WARNING: here boxInfo equals to 13.44
2020-01-15 20:24:52,068 -  /home/dawinia/CodeBook/ScrapyProject/movie/movie/dao/databasetable.py[line:42] - WARNING: here boxRate equals to <0.1%
2020-01-15 20:24:52,068 -  /home/dawinia/CodeBook/ScrapyProject/movie/movie/dao/databasetable.py[line:42] - WARNING: here releaseInfo equals to 上映15天
2020-01-15 20:24:52,068 -  /home/dawinia/CodeBook/ScrapyProject/movie/movie/dao/databasetable.py[line:42] - WARNING: here showInfo equals to 272
2020-01-15 20:24:52,069 -  /home/dawinia/CodeBook/ScrapyProject/movie/movie/dao/databasetable.py[line:42] - WARNING: here showRate equals to 0.1%
2020-01-15 20:24:52,069 -  /home/dawinia/CodeBook/ScrapyProject/movie/movie/dao/databasetable.py[line:42] - WARNING: here splitBoxInfo equals to 13.44
2020-01-15 20:24:52,069 -  /home/dawinia/CodeBook/ScrapyProject/movie/movie/dao/databasetable.py[line:42] - WARNING: here splitSumBoxInfo equals to 191.8
2020-01-15 20:24:52,069 -  /home/dawinia/CodeBook/ScrapyProject/movie/movie/dao/databasetable.py[line:42] - WARNING: here sumBoxInfo equals to 191.8
2020-01-15 20:24:52,069 -  /home/dawinia/CodeBook/ScrapyProject/movie/movie/dao/databasetable.py[line:42] - WARNING: here showView equals to 23
2020-01-15 20:24:52,070 -  /home/dawinia/CodeBook/ScrapyProject/movie/movie/dao/databasetable.py[line:42] - WARNING: here crawlDate equals to 2020-01-15
2020-01-15 20:24:52,070 -  /home/dawinia/CodeBook/ScrapyProject/movie/movie/dao/databasetable.py[line:42] - WARNING: here yearRate equals to 2020-01-15#13
2020-01-15 20:24:52,070 -  /home/dawinia/CodeBook/ScrapyProject/movie/movie/pipelines.py[line:53] - WARNING: insert database finished
2020-01-15 20:24:52,071 -  /home/dawinia/anaconda3/envs/Scrapy/lib/python3.7/site-packages/sqlalchemy/log.py[line:110] - INFO: BEGIN (implicit)
2020-01-15 20:24:52,071 -  /home/dawinia/anaconda3/envs/Scrapy/lib/python3.7/site-packages/sqlalchemy/log.py[line:110] - INFO: INSERT INTO `boxOffice` (`movieID`, `movieName`, `seatRate`, `boxInfo`, `boxRate`, `releaseInfo`, `showInfo`, `showRate`, `splitBoxInfo`, `splitSumBoxInfo`, `sumBoxInfo`, `showView`, `crawlDate`, `yearRate`) VALUES (%(movieID)s, %(movieName)s, %(seatRate)s, %(boxInfo)s, %(boxRate)s, %(releaseInfo)s, %(showInfo)s, %(showRate)s, %(splitBoxInfo)s, %(splitSumBoxInfo)s, %(sumBoxInfo)s, %(showView)s, %(crawlDate)s, %(yearRate)s)
2020-01-15 20:24:52,072 -  /home/dawinia/anaconda3/envs/Scrapy/lib/python3.7/site-packages/sqlalchemy/log.py[line:110] - INFO: {'movieID': 343767, 'movieName': '诡娃娃', 'seatRate': '55.2%', 'boxInfo': '13.44', 'boxRate': '<0.1%', 'releaseInfo': '上映15天', 'showInfo': '272', 'showRate': '0.1%', 'splitBoxInfo': '13.44', 'splitSumBoxInfo': '191.8', 'sumBoxInfo': '191.8', 'showView': '23', 'crawlDate': datetime.date(2020, 1, 15), 'yearRate': '2020-01-15#13'}
2020-01-15 20:24:52,074 -  /home/dawinia/anaconda3/envs/Scrapy/lib/python3.7/site-packages/sqlalchemy/log.py[line:110] - INFO: COMMIT
2020-01-15 20:24:52,220 -  /home/dawinia/anaconda3/envs/Scrapy/lib/python3.7/site-packages/scrapy/core/scraper.py[line:243] - DEBUG: Scraped from <200 http://piaofang.maoyan.com/second-box?beginDate=20160101>
None
2020-01-15 20:24:52,223 -  /home/dawinia/CodeBook/ScrapyProject/movie/movie/spiders/boxOffice_spider.py[line:46] - WARNING: get 14 movie info, named 极盗者.
2020-01-15 20:24:52,225 -  /home/dawinia/CodeBook/ScrapyProject/movie/movie/dao/databasetable.py[line:42] - WARNING: here movieID equals to 249141
2020-01-15 20:24:52,225 -  /home/dawinia/CodeBook/ScrapyProject/movie/movie/dao/databasetable.py[line:42] - WARNING: here movieName equals to 极盗者
2020-01-15 20:24:52,226 -  /home/dawinia/CodeBook/ScrapyProject/movie/movie/dao/databasetable.py[line:42] - WARNING: here seatRate equals to 41.7%
2020-01-15 20:24:52,226 -  /home/dawinia/CodeBook/ScrapyProject/movie/movie/dao/databasetable.py[line:42] - WARNING: here boxInfo equals to 8.98
2020-01-15 20:24:52,226 -  /home/dawinia/CodeBook/ScrapyProject/movie/movie/dao/databasetable.py[line:42] - WARNING: here boxRate equals to <0.1%
2020-01-15 20:24:52,226 -  /home/dawinia/CodeBook/ScrapyProject/movie/movie/dao/databasetable.py[line:42] - WARNING: here releaseInfo equals to 上映29天
2020-01-15 20:24:52,226 -  /home/dawinia/CodeBook/ScrapyProject/movie/movie/dao/databasetable.py[line:42] - WARNING: here showInfo equals to 88
2020-01-15 20:24:52,227 -  /home/dawinia/CodeBook/ScrapyProject/movie/movie/dao/databasetable.py[line:42] - WARNING: here showRate equals to <0.1%
2020-01-15 20:24:52,227 -  /home/dawinia/CodeBook/ScrapyProject/movie/movie/dao/databasetable.py[line:42] - WARNING: here splitBoxInfo equals to 8.98
2020-01-15 20:24:52,227 -  /home/dawinia/CodeBook/ScrapyProject/movie/movie/dao/databasetable.py[line:42] - WARNING: here splitSumBoxInfo equals to 24700.0
2020-01-15 20:24:52,227 -  /home/dawinia/CodeBook/ScrapyProject/movie/movie/dao/databasetable.py[line:42] - WARNING: here sumBoxInfo equals to 24700.0
2020-01-15 20:24:52,227 -  /home/dawinia/CodeBook/ScrapyProject/movie/movie/dao/databasetable.py[line:42] - WARNING: here showView equals to 26
2020-01-15 20:24:52,228 -  /home/dawinia/CodeBook/ScrapyProject/movie/movie/dao/databasetable.py[line:42] - WARNING: here crawlDate equals to 2020-01-15
2020-01-15 20:24:52,228 -  /home/dawinia/CodeBook/ScrapyProject/movie/movie/dao/databasetable.py[line:42] - WARNING: here yearRate equals to 2020-01-15#14
2020-01-15 20:24:52,228 -  /home/dawinia/CodeBook/ScrapyProject/movie/movie/pipelines.py[line:53] - WARNING: insert database finished
2020-01-15 20:24:52,229 -  /home/dawinia/anaconda3/envs/Scrapy/lib/python3.7/site-packages/sqlalchemy/log.py[line:110] - INFO: BEGIN (implicit)
2020-01-15 20:24:52,229 -  /home/dawinia/anaconda3/envs/Scrapy/lib/python3.7/site-packages/sqlalchemy/log.py[line:110] - INFO: INSERT INTO `boxOffice` (`movieID`, `movieName`, `seatRate`, `boxInfo`, `boxRate`, `releaseInfo`, `showInfo`, `showRate`, `splitBoxInfo`, `splitSumBoxInfo`, `sumBoxInfo`, `showView`, `crawlDate`, `yearRate`) VALUES (%(movieID)s, %(movieName)s, %(seatRate)s, %(boxInfo)s, %(boxRate)s, %(releaseInfo)s, %(showInfo)s, %(showRate)s, %(splitBoxInfo)s, %(splitSumBoxInfo)s, %(sumBoxInfo)s, %(showView)s, %(crawlDate)s, %(yearRate)s)
2020-01-15 20:24:52,230 -  /home/dawinia/anaconda3/envs/Scrapy/lib/python3.7/site-packages/sqlalchemy/log.py[line:110] - INFO: {'movieID': 249141, 'movieName': '极盗者', 'seatRate': '41.7%', 'boxInfo': '8.98', 'boxRate': '<0.1%', 'releaseInfo': '上映29天', 'showInfo': '88', 'showRate': '<0.1%', 'splitBoxInfo': '8.98', 'splitSumBoxInfo': '24700.0', 'sumBoxInfo': '24700.0', 'showView': '26', 'crawlDate': datetime.date(2020, 1, 15), 'yearRate': '2020-01-15#14'}
2020-01-15 20:24:52,232 -  /home/dawinia/anaconda3/envs/Scrapy/lib/python3.7/site-packages/sqlalchemy/log.py[line:110] - INFO: COMMIT
2020-01-15 20:24:52,379 -  /home/dawinia/anaconda3/envs/Scrapy/lib/python3.7/site-packages/scrapy/core/scraper.py[line:243] - DEBUG: Scraped from <200 http://piaofang.maoyan.com/second-box?beginDate=20160101>
None
2020-01-15 20:24:52,382 -  /home/dawinia/CodeBook/ScrapyProject/movie/movie/spiders/boxOffice_spider.py[line:46] - WARNING: get 15 movie info, named 熊出没之熊心归来.
2020-01-15 20:24:52,384 -  /home/dawinia/CodeBook/ScrapyProject/movie/movie/dao/databasetable.py[line:42] - WARNING: here movieID equals to 341750
2020-01-15 20:24:52,385 -  /home/dawinia/CodeBook/ScrapyProject/movie/movie/dao/databasetable.py[line:42] - WARNING: here movieName equals to 熊出没之熊心归来
2020-01-15 20:24:52,385 -  /home/dawinia/CodeBook/ScrapyProject/movie/movie/dao/databasetable.py[line:42] - WARNING: here seatRate equals to 100%
2020-01-15 20:24:52,385 -  /home/dawinia/CodeBook/ScrapyProject/movie/movie/dao/databasetable.py[line:42] - WARNING: here boxInfo equals to 6.46
2020-01-15 20:24:52,385 -  /home/dawinia/CodeBook/ScrapyProject/movie/movie/dao/databasetable.py[line:42] - WARNING: here boxRate equals to <0.1%
2020-01-15 20:24:52,385 -  /home/dawinia/CodeBook/ScrapyProject/movie/movie/dao/databasetable.py[line:42] - WARNING: here releaseInfo equals to 点映
2020-01-15 20:24:52,386 -  /home/dawinia/CodeBook/ScrapyProject/movie/movie/dao/databasetable.py[line:42] - WARNING: here showInfo equals to 24
2020-01-15 20:24:52,386 -  /home/dawinia/CodeBook/ScrapyProject/movie/movie/dao/databasetable.py[line:42] - WARNING: here showRate equals to <0.1%
2020-01-15 20:24:52,386 -  /home/dawinia/CodeBook/ScrapyProject/movie/movie/dao/databasetable.py[line:42] - WARNING: here splitBoxInfo equals to 6.46
2020-01-15 20:24:52,386 -  /home/dawinia/CodeBook/ScrapyProject/movie/movie/dao/databasetable.py[line:42] - WARNING: here splitSumBoxInfo equals to 6.4
2020-01-15 20:24:52,386 -  /home/dawinia/CodeBook/ScrapyProject/movie/movie/dao/databasetable.py[line:42] - WARNING: here sumBoxInfo equals to 6.4
2020-01-15 20:24:52,387 -  /home/dawinia/CodeBook/ScrapyProject/movie/movie/dao/databasetable.py[line:42] - WARNING: here showView equals to 75
2020-01-15 20:24:52,387 -  /home/dawinia/CodeBook/ScrapyProject/movie/movie/dao/databasetable.py[line:42] - WARNING: here crawlDate equals to 2020-01-15
2020-01-15 20:24:52,387 -  /home/dawinia/CodeBook/ScrapyProject/movie/movie/dao/databasetable.py[line:42] - WARNING: here yearRate equals to 2020-01-15#15
2020-01-15 20:24:52,387 -  /home/dawinia/CodeBook/ScrapyProject/movie/movie/pipelines.py[line:53] - WARNING: insert database finished
2020-01-15 20:24:52,388 -  /home/dawinia/anaconda3/envs/Scrapy/lib/python3.7/site-packages/sqlalchemy/log.py[line:110] - INFO: BEGIN (implicit)
2020-01-15 20:24:52,389 -  /home/dawinia/anaconda3/envs/Scrapy/lib/python3.7/site-packages/sqlalchemy/log.py[line:110] - INFO: INSERT INTO `boxOffice` (`movieID`, `movieName`, `seatRate`, `boxInfo`, `boxRate`, `releaseInfo`, `showInfo`, `showRate`, `splitBoxInfo`, `splitSumBoxInfo`, `sumBoxInfo`, `showView`, `crawlDate`, `yearRate`) VALUES (%(movieID)s, %(movieName)s, %(seatRate)s, %(boxInfo)s, %(boxRate)s, %(releaseInfo)s, %(showInfo)s, %(showRate)s, %(splitBoxInfo)s, %(splitSumBoxInfo)s, %(sumBoxInfo)s, %(showView)s, %(crawlDate)s, %(yearRate)s)
2020-01-15 20:24:52,389 -  /home/dawinia/anaconda3/envs/Scrapy/lib/python3.7/site-packages/sqlalchemy/log.py[line:110] - INFO: {'movieID': 341750, 'movieName': '熊出没之熊心归来', 'seatRate': '100%', 'boxInfo': '6.46', 'boxRate': '<0.1%', 'releaseInfo': '点映', 'showInfo': '24', 'showRate': '<0.1%', 'splitBoxInfo': '6.46', 'splitSumBoxInfo': '6.4', 'sumBoxInfo': '6.4', 'showView': '75', 'crawlDate': datetime.date(2020, 1, 15), 'yearRate': '2020-01-15#15'}
2020-01-15 20:24:52,391 -  /home/dawinia/anaconda3/envs/Scrapy/lib/python3.7/site-packages/sqlalchemy/log.py[line:110] - INFO: COMMIT
2020-01-15 20:24:52,549 -  /home/dawinia/anaconda3/envs/Scrapy/lib/python3.7/site-packages/scrapy/core/scraper.py[line:243] - DEBUG: Scraped from <200 http://piaofang.maoyan.com/second-box?beginDate=20160101>
None
2020-01-15 20:24:52,552 -  /home/dawinia/CodeBook/ScrapyProject/movie/movie/spiders/boxOffice_spider.py[line:46] - WARNING: get 16 movie info, named 果宝特攻之水果大逃亡.
2020-01-15 20:24:52,554 -  /home/dawinia/CodeBook/ScrapyProject/movie/movie/dao/databasetable.py[line:42] - WARNING: here movieID equals to 246592
2020-01-15 20:24:52,554 -  /home/dawinia/CodeBook/ScrapyProject/movie/movie/dao/databasetable.py[line:42] - WARNING: here movieName equals to 果宝特攻之水果大逃亡
2020-01-15 20:24:52,554 -  /home/dawinia/CodeBook/ScrapyProject/movie/movie/dao/databasetable.py[line:42] - WARNING: here seatRate equals to 100%
2020-01-15 20:24:52,555 -  /home/dawinia/CodeBook/ScrapyProject/movie/movie/dao/databasetable.py[line:42] - WARNING: here boxInfo equals to 4.74
2020-01-15 20:24:52,555 -  /home/dawinia/CodeBook/ScrapyProject/movie/movie/dao/databasetable.py[line:42] - WARNING: here boxRate equals to <0.1%
2020-01-15 20:24:52,555 -  /home/dawinia/CodeBook/ScrapyProject/movie/movie/dao/databasetable.py[line:42] - WARNING: here releaseInfo equals to 点映
2020-01-15 20:24:52,555 -  /home/dawinia/CodeBook/ScrapyProject/movie/movie/dao/databasetable.py[line:42] - WARNING: here showInfo equals to 15
2020-01-15 20:24:52,555 -  /home/dawinia/CodeBook/ScrapyProject/movie/movie/dao/databasetable.py[line:42] - WARNING: here showRate equals to <0.1%
2020-01-15 20:24:52,556 -  /home/dawinia/CodeBook/ScrapyProject/movie/movie/dao/databasetable.py[line:42] - WARNING: here splitBoxInfo equals to 4.74
2020-01-15 20:24:52,556 -  /home/dawinia/CodeBook/ScrapyProject/movie/movie/dao/databasetable.py[line:42] - WARNING: here splitSumBoxInfo equals to 4.7
2020-01-15 20:24:52,556 -  /home/dawinia/CodeBook/ScrapyProject/movie/movie/dao/databasetable.py[line:42] - WARNING: here sumBoxInfo equals to 4.7
2020-01-15 20:24:52,556 -  /home/dawinia/CodeBook/ScrapyProject/movie/movie/dao/databasetable.py[line:42] - WARNING: here showView equals to 93
2020-01-15 20:24:52,556 -  /home/dawinia/CodeBook/ScrapyProject/movie/movie/dao/databasetable.py[line:42] - WARNING: here crawlDate equals to 2020-01-15
2020-01-15 20:24:52,557 -  /home/dawinia/CodeBook/ScrapyProject/movie/movie/dao/databasetable.py[line:42] - WARNING: here yearRate equals to 2020-01-15#16
2020-01-15 20:24:52,557 -  /home/dawinia/CodeBook/ScrapyProject/movie/movie/pipelines.py[line:53] - WARNING: insert database finished
2020-01-15 20:24:52,558 -  /home/dawinia/anaconda3/envs/Scrapy/lib/python3.7/site-packages/sqlalchemy/log.py[line:110] - INFO: BEGIN (implicit)
2020-01-15 20:24:52,558 -  /home/dawinia/anaconda3/envs/Scrapy/lib/python3.7/site-packages/sqlalchemy/log.py[line:110] - INFO: INSERT INTO `boxOffice` (`movieID`, `movieName`, `seatRate`, `boxInfo`, `boxRate`, `releaseInfo`, `showInfo`, `showRate`, `splitBoxInfo`, `splitSumBoxInfo`, `sumBoxInfo`, `showView`, `crawlDate`, `yearRate`) VALUES (%(movieID)s, %(movieName)s, %(seatRate)s, %(boxInfo)s, %(boxRate)s, %(releaseInfo)s, %(showInfo)s, %(showRate)s, %(splitBoxInfo)s, %(splitSumBoxInfo)s, %(sumBoxInfo)s, %(showView)s, %(crawlDate)s, %(yearRate)s)
2020-01-15 20:24:52,559 -  /home/dawinia/anaconda3/envs/Scrapy/lib/python3.7/site-packages/sqlalchemy/log.py[line:110] - INFO: {'movieID': 246592, 'movieName': '果宝特攻之水果大逃亡', 'seatRate': '100%', 'boxInfo': '4.74', 'boxRate': '<0.1%', 'releaseInfo': '点映', 'showInfo': '15', 'showRate': '<0.1%', 'splitBoxInfo': '4.74', 'splitSumBoxInfo': '4.7', 'sumBoxInfo': '4.7', 'showView': '93', 'crawlDate': datetime.date(2020, 1, 15), 'yearRate': '2020-01-15#16'}
2020-01-15 20:24:52,561 -  /home/dawinia/anaconda3/envs/Scrapy/lib/python3.7/site-packages/sqlalchemy/log.py[line:110] - INFO: COMMIT
2020-01-15 20:24:52,708 -  /home/dawinia/anaconda3/envs/Scrapy/lib/python3.7/site-packages/scrapy/core/scraper.py[line:243] - DEBUG: Scraped from <200 http://piaofang.maoyan.com/second-box?beginDate=20160101>
None
2020-01-15 20:24:52,711 -  /home/dawinia/CodeBook/ScrapyProject/movie/movie/spiders/boxOffice_spider.py[line:46] - WARNING: get 17 movie info, named 舌尖上的新年.
2020-01-15 20:24:52,713 -  /home/dawinia/CodeBook/ScrapyProject/movie/movie/dao/databasetable.py[line:42] - WARNING: here movieID equals to 337511
2020-01-15 20:24:52,713 -  /home/dawinia/CodeBook/ScrapyProject/movie/movie/dao/databasetable.py[line:42] - WARNING: here movieName equals to 舌尖上的新年
2020-01-15 20:24:52,713 -  /home/dawinia/CodeBook/ScrapyProject/movie/movie/dao/databasetable.py[line:42] - WARNING: here seatRate equals to 100%
2020-01-15 20:24:52,714 -  /home/dawinia/CodeBook/ScrapyProject/movie/movie/dao/databasetable.py[line:42] - WARNING: here boxInfo equals to 3.46
2020-01-15 20:24:52,714 -  /home/dawinia/CodeBook/ScrapyProject/movie/movie/dao/databasetable.py[line:42] - WARNING: here boxRate equals to <0.1%
2020-01-15 20:24:52,714 -  /home/dawinia/CodeBook/ScrapyProject/movie/movie/dao/databasetable.py[line:42] - WARNING: here releaseInfo equals to 点映
2020-01-15 20:24:52,714 -  /home/dawinia/CodeBook/ScrapyProject/movie/movie/dao/databasetable.py[line:42] - WARNING: here showInfo equals to 8
2020-01-15 20:24:52,714 -  /home/dawinia/CodeBook/ScrapyProject/movie/movie/dao/databasetable.py[line:42] - WARNING: here showRate equals to <0.1%
2020-01-15 20:24:52,715 -  /home/dawinia/CodeBook/ScrapyProject/movie/movie/dao/databasetable.py[line:42] - WARNING: here splitBoxInfo equals to 3.46
2020-01-15 20:24:52,715 -  /home/dawinia/CodeBook/ScrapyProject/movie/movie/dao/databasetable.py[line:42] - WARNING: here splitSumBoxInfo equals to 6.2
2020-01-15 20:24:52,715 -  /home/dawinia/CodeBook/ScrapyProject/movie/movie/dao/databasetable.py[line:42] - WARNING: here sumBoxInfo equals to 6.2
2020-01-15 20:24:52,715 -  /home/dawinia/CodeBook/ScrapyProject/movie/movie/dao/databasetable.py[line:42] - WARNING: here showView equals to 126
2020-01-15 20:24:52,715 -  /home/dawinia/CodeBook/ScrapyProject/movie/movie/dao/databasetable.py[line:42] - WARNING: here crawlDate equals to 2020-01-15
2020-01-15 20:24:52,716 -  /home/dawinia/CodeBook/ScrapyProject/movie/movie/dao/databasetable.py[line:42] - WARNING: here yearRate equals to 2020-01-15#17
2020-01-15 20:24:52,716 -  /home/dawinia/CodeBook/ScrapyProject/movie/movie/pipelines.py[line:53] - WARNING: insert database finished
2020-01-15 20:24:52,717 -  /home/dawinia/anaconda3/envs/Scrapy/lib/python3.7/site-packages/sqlalchemy/log.py[line:110] - INFO: BEGIN (implicit)
2020-01-15 20:24:52,717 -  /home/dawinia/anaconda3/envs/Scrapy/lib/python3.7/site-packages/sqlalchemy/log.py[line:110] - INFO: INSERT INTO `boxOffice` (`movieID`, `movieName`, `seatRate`, `boxInfo`, `boxRate`, `releaseInfo`, `showInfo`, `showRate`, `splitBoxInfo`, `splitSumBoxInfo`, `sumBoxInfo`, `showView`, `crawlDate`, `yearRate`) VALUES (%(movieID)s, %(movieName)s, %(seatRate)s, %(boxInfo)s, %(boxRate)s, %(releaseInfo)s, %(showInfo)s, %(showRate)s, %(splitBoxInfo)s, %(splitSumBoxInfo)s, %(sumBoxInfo)s, %(showView)s, %(crawlDate)s, %(yearRate)s)
2020-01-15 20:24:52,718 -  /home/dawinia/anaconda3/envs/Scrapy/lib/python3.7/site-packages/sqlalchemy/log.py[line:110] - INFO: {'movieID': 337511, 'movieName': '舌尖上的新年', 'seatRate': '100%', 'boxInfo': '3.46', 'boxRate': '<0.1%', 'releaseInfo': '点映', 'showInfo': '8', 'showRate': '<0.1%', 'splitBoxInfo': '3.46', 'splitSumBoxInfo': '6.2', 'sumBoxInfo': '6.2', 'showView': '126', 'crawlDate': datetime.date(2020, 1, 15), 'yearRate': '2020-01-15#17'}
2020-01-15 20:24:52,720 -  /home/dawinia/anaconda3/envs/Scrapy/lib/python3.7/site-packages/sqlalchemy/log.py[line:110] - INFO: COMMIT
2020-01-15 20:24:52,855 -  /home/dawinia/anaconda3/envs/Scrapy/lib/python3.7/site-packages/scrapy/core/scraper.py[line:243] - DEBUG: Scraped from <200 http://piaofang.maoyan.com/second-box?beginDate=20160101>
None
2020-01-15 20:24:52,858 -  /home/dawinia/CodeBook/ScrapyProject/movie/movie/spiders/boxOffice_spider.py[line:46] - WARNING: get 18 movie info, named 探秘者.
2020-01-15 20:24:52,860 -  /home/dawinia/CodeBook/ScrapyProject/movie/movie/dao/databasetable.py[line:42] - WARNING: here movieID equals to 344774
2020-01-15 20:24:52,860 -  /home/dawinia/CodeBook/ScrapyProject/movie/movie/dao/databasetable.py[line:42] - WARNING: here movieName equals to 探秘者
2020-01-15 20:24:52,861 -  /home/dawinia/CodeBook/ScrapyProject/movie/movie/dao/databasetable.py[line:42] - WARNING: here seatRate equals to 6.7%
2020-01-15 20:24:52,861 -  /home/dawinia/CodeBook/ScrapyProject/movie/movie/dao/databasetable.py[line:42] - WARNING: here boxInfo equals to 2.72
2020-01-15 20:24:52,861 -  /home/dawinia/CodeBook/ScrapyProject/movie/movie/dao/databasetable.py[line:42] - WARNING: here boxRate equals to <0.1%
2020-01-15 20:24:52,861 -  /home/dawinia/CodeBook/ScrapyProject/movie/movie/dao/databasetable.py[line:42] - WARNING: here releaseInfo equals to 上映2天
2020-01-15 20:24:52,862 -  /home/dawinia/CodeBook/ScrapyProject/movie/movie/dao/databasetable.py[line:42] - WARNING: here showInfo equals to 242
2020-01-15 20:24:52,862 -  /home/dawinia/CodeBook/ScrapyProject/movie/movie/dao/databasetable.py[line:42] - WARNING: here showRate equals to 0.1%
2020-01-15 20:24:52,862 -  /home/dawinia/CodeBook/ScrapyProject/movie/movie/dao/databasetable.py[line:42] - WARNING: here splitBoxInfo equals to 2.72
2020-01-15 20:24:52,862 -  /home/dawinia/CodeBook/ScrapyProject/movie/movie/dao/databasetable.py[line:42] - WARNING: here splitSumBoxInfo equals to 17.7
2020-01-15 20:24:52,862 -  /home/dawinia/CodeBook/ScrapyProject/movie/movie/dao/databasetable.py[line:42] - WARNING: here sumBoxInfo equals to 17.7
2020-01-15 20:24:52,863 -  /home/dawinia/CodeBook/ScrapyProject/movie/movie/dao/databasetable.py[line:42] - WARNING: here showView equals to 4
2020-01-15 20:24:52,863 -  /home/dawinia/CodeBook/ScrapyProject/movie/movie/dao/databasetable.py[line:42] - WARNING: here crawlDate equals to 2020-01-15
2020-01-15 20:24:52,863 -  /home/dawinia/CodeBook/ScrapyProject/movie/movie/dao/databasetable.py[line:42] - WARNING: here yearRate equals to 2020-01-15#18
2020-01-15 20:24:52,863 -  /home/dawinia/CodeBook/ScrapyProject/movie/movie/pipelines.py[line:53] - WARNING: insert database finished
2020-01-15 20:24:52,864 -  /home/dawinia/anaconda3/envs/Scrapy/lib/python3.7/site-packages/sqlalchemy/log.py[line:110] - INFO: BEGIN (implicit)
2020-01-15 20:24:52,865 -  /home/dawinia/anaconda3/envs/Scrapy/lib/python3.7/site-packages/sqlalchemy/log.py[line:110] - INFO: INSERT INTO `boxOffice` (`movieID`, `movieName`, `seatRate`, `boxInfo`, `boxRate`, `releaseInfo`, `showInfo`, `showRate`, `splitBoxInfo`, `splitSumBoxInfo`, `sumBoxInfo`, `showView`, `crawlDate`, `yearRate`) VALUES (%(movieID)s, %(movieName)s, %(seatRate)s, %(boxInfo)s, %(boxRate)s, %(releaseInfo)s, %(showInfo)s, %(showRate)s, %(splitBoxInfo)s, %(splitSumBoxInfo)s, %(sumBoxInfo)s, %(showView)s, %(crawlDate)s, %(yearRate)s)
2020-01-15 20:24:52,865 -  /home/dawinia/anaconda3/envs/Scrapy/lib/python3.7/site-packages/sqlalchemy/log.py[line:110] - INFO: {'movieID': 344774, 'movieName': '探秘者', 'seatRate': '6.7%', 'boxInfo': '2.72', 'boxRate': '<0.1%', 'releaseInfo': '上映2天', 'showInfo': '242', 'showRate': '0.1%', 'splitBoxInfo': '2.72', 'splitSumBoxInfo': '17.7', 'sumBoxInfo': '17.7', 'showView': '4', 'crawlDate': datetime.date(2020, 1, 15), 'yearRate': '2020-01-15#18'}
2020-01-15 20:24:52,867 -  /home/dawinia/anaconda3/envs/Scrapy/lib/python3.7/site-packages/sqlalchemy/log.py[line:110] - INFO: COMMIT
2020-01-15 20:24:52,975 -  /home/dawinia/anaconda3/envs/Scrapy/lib/python3.7/site-packages/scrapy/core/scraper.py[line:243] - DEBUG: Scraped from <200 http://piaofang.maoyan.com/second-box?beginDate=20160101>
None
2020-01-15 20:24:52,976 -  /home/dawinia/CodeBook/ScrapyProject/movie/movie/spiders/boxOffice_spider.py[line:46] - WARNING: get 19 movie info, named 胜利大阅兵.
2020-01-15 20:24:52,976 -  /home/dawinia/CodeBook/ScrapyProject/movie/movie/dao/databasetable.py[line:42] - WARNING: here movieID equals to 342965
2020-01-15 20:24:52,976 -  /home/dawinia/CodeBook/ScrapyProject/movie/movie/dao/databasetable.py[line:42] - WARNING: here movieName equals to 胜利大阅兵
2020-01-15 20:24:52,977 -  /home/dawinia/CodeBook/ScrapyProject/movie/movie/dao/databasetable.py[line:42] - WARNING: here seatRate equals to 48.7%
2020-01-15 20:24:52,977 -  /home/dawinia/CodeBook/ScrapyProject/movie/movie/dao/databasetable.py[line:42] - WARNING: here boxInfo equals to 2.44
2020-01-15 20:24:52,977 -  /home/dawinia/CodeBook/ScrapyProject/movie/movie/dao/databasetable.py[line:42] - WARNING: here boxRate equals to <0.1%
2020-01-15 20:24:52,977 -  /home/dawinia/CodeBook/ScrapyProject/movie/movie/dao/databasetable.py[line:42] - WARNING: here releaseInfo equals to 上映5天
2020-01-15 20:24:52,977 -  /home/dawinia/CodeBook/ScrapyProject/movie/movie/dao/databasetable.py[line:42] - WARNING: here showInfo equals to 33
2020-01-15 20:24:52,977 -  /home/dawinia/CodeBook/ScrapyProject/movie/movie/dao/databasetable.py[line:42] - WARNING: here showRate equals to <0.1%
2020-01-15 20:24:52,977 -  /home/dawinia/CodeBook/ScrapyProject/movie/movie/dao/databasetable.py[line:42] - WARNING: here splitBoxInfo equals to 2.44
2020-01-15 20:24:52,977 -  /home/dawinia/CodeBook/ScrapyProject/movie/movie/dao/databasetable.py[line:42] - WARNING: here splitSumBoxInfo equals to 19.0
2020-01-15 20:24:52,977 -  /home/dawinia/CodeBook/ScrapyProject/movie/movie/dao/databasetable.py[line:42] - WARNING: here sumBoxInfo equals to 19.0
2020-01-15 20:24:52,977 -  /home/dawinia/CodeBook/ScrapyProject/movie/movie/dao/databasetable.py[line:42] - WARNING: here showView equals to 25
2020-01-15 20:24:52,977 -  /home/dawinia/CodeBook/ScrapyProject/movie/movie/dao/databasetable.py[line:42] - WARNING: here crawlDate equals to 2020-01-15
2020-01-15 20:24:52,977 -  /home/dawinia/CodeBook/ScrapyProject/movie/movie/dao/databasetable.py[line:42] - WARNING: here yearRate equals to 2020-01-15#19
2020-01-15 20:24:52,977 -  /home/dawinia/CodeBook/ScrapyProject/movie/movie/pipelines.py[line:53] - WARNING: insert database finished
2020-01-15 20:24:52,977 -  /home/dawinia/anaconda3/envs/Scrapy/lib/python3.7/site-packages/sqlalchemy/log.py[line:110] - INFO: BEGIN (implicit)
2020-01-15 20:24:52,978 -  /home/dawinia/anaconda3/envs/Scrapy/lib/python3.7/site-packages/sqlalchemy/log.py[line:110] - INFO: INSERT INTO `boxOffice` (`movieID`, `movieName`, `seatRate`, `boxInfo`, `boxRate`, `releaseInfo`, `showInfo`, `showRate`, `splitBoxInfo`, `splitSumBoxInfo`, `sumBoxInfo`, `showView`, `crawlDate`, `yearRate`) VALUES (%(movieID)s, %(movieName)s, %(seatRate)s, %(boxInfo)s, %(boxRate)s, %(releaseInfo)s, %(showInfo)s, %(showRate)s, %(splitBoxInfo)s, %(splitSumBoxInfo)s, %(sumBoxInfo)s, %(showView)s, %(crawlDate)s, %(yearRate)s)
2020-01-15 20:24:52,978 -  /home/dawinia/anaconda3/envs/Scrapy/lib/python3.7/site-packages/sqlalchemy/log.py[line:110] - INFO: {'movieID': 342965, 'movieName': '胜利大阅兵', 'seatRate': '48.7%', 'boxInfo': '2.44', 'boxRate': '<0.1%', 'releaseInfo': '上映5天', 'showInfo': '33', 'showRate': '<0.1%', 'splitBoxInfo': '2.44', 'splitSumBoxInfo': '19.0', 'sumBoxInfo': '19.0', 'showView': '25', 'crawlDate': datetime.date(2020, 1, 15), 'yearRate': '2020-01-15#19'}
2020-01-15 20:24:52,978 -  /home/dawinia/anaconda3/envs/Scrapy/lib/python3.7/site-packages/sqlalchemy/log.py[line:110] - INFO: COMMIT
2020-01-15 20:24:53,123 -  /home/dawinia/anaconda3/envs/Scrapy/lib/python3.7/site-packages/scrapy/core/scraper.py[line:243] - DEBUG: Scraped from <200 http://piaofang.maoyan.com/second-box?beginDate=20160101>
None
2020-01-15 20:24:53,124 -  /home/dawinia/CodeBook/ScrapyProject/movie/movie/spiders/boxOffice_spider.py[line:46] - WARNING: get 20 movie info, named 圣诞大赢家.
2020-01-15 20:24:53,124 -  /home/dawinia/CodeBook/ScrapyProject/movie/movie/dao/databasetable.py[line:42] - WARNING: here movieID equals to 344043
2020-01-15 20:24:53,124 -  /home/dawinia/CodeBook/ScrapyProject/movie/movie/dao/databasetable.py[line:42] - WARNING: here movieName equals to 圣诞大赢家
2020-01-15 20:24:53,125 -  /home/dawinia/CodeBook/ScrapyProject/movie/movie/dao/databasetable.py[line:42] - WARNING: here seatRate equals to 15.3%
2020-01-15 20:24:53,125 -  /home/dawinia/CodeBook/ScrapyProject/movie/movie/dao/databasetable.py[line:42] - WARNING: here boxInfo equals to 2.21
2020-01-15 20:24:53,125 -  /home/dawinia/CodeBook/ScrapyProject/movie/movie/dao/databasetable.py[line:42] - WARNING: here boxRate equals to <0.1%
2020-01-15 20:24:53,125 -  /home/dawinia/CodeBook/ScrapyProject/movie/movie/dao/databasetable.py[line:42] - WARNING: here releaseInfo equals to 上映21天
2020-01-15 20:24:53,125 -  /home/dawinia/CodeBook/ScrapyProject/movie/movie/dao/databasetable.py[line:42] - WARNING: here showInfo equals to 188
2020-01-15 20:24:53,125 -  /home/dawinia/CodeBook/ScrapyProject/movie/movie/dao/databasetable.py[line:42] - WARNING: here showRate equals to 0.1%
2020-01-15 20:24:53,125 -  /home/dawinia/CodeBook/ScrapyProject/movie/movie/dao/databasetable.py[line:42] - WARNING: here splitBoxInfo equals to 2.21
2020-01-15 20:24:53,125 -  /home/dawinia/CodeBook/ScrapyProject/movie/movie/dao/databasetable.py[line:42] - WARNING: here splitSumBoxInfo equals to 525.7
2020-01-15 20:24:53,125 -  /home/dawinia/CodeBook/ScrapyProject/movie/movie/dao/databasetable.py[line:42] - WARNING: here sumBoxInfo equals to 525.7
2020-01-15 20:24:53,125 -  /home/dawinia/CodeBook/ScrapyProject/movie/movie/dao/databasetable.py[line:42] - WARNING: here showView equals to 5
2020-01-15 20:24:53,125 -  /home/dawinia/CodeBook/ScrapyProject/movie/movie/dao/databasetable.py[line:42] - WARNING: here crawlDate equals to 2020-01-15
2020-01-15 20:24:53,125 -  /home/dawinia/CodeBook/ScrapyProject/movie/movie/dao/databasetable.py[line:42] - WARNING: here yearRate equals to 2020-01-15#20
2020-01-15 20:24:53,125 -  /home/dawinia/CodeBook/ScrapyProject/movie/movie/pipelines.py[line:53] - WARNING: insert database finished
2020-01-15 20:24:53,126 -  /home/dawinia/anaconda3/envs/Scrapy/lib/python3.7/site-packages/sqlalchemy/log.py[line:110] - INFO: BEGIN (implicit)
2020-01-15 20:24:53,126 -  /home/dawinia/anaconda3/envs/Scrapy/lib/python3.7/site-packages/sqlalchemy/log.py[line:110] - INFO: INSERT INTO `boxOffice` (`movieID`, `movieName`, `seatRate`, `boxInfo`, `boxRate`, `releaseInfo`, `showInfo`, `showRate`, `splitBoxInfo`, `splitSumBoxInfo`, `sumBoxInfo`, `showView`, `crawlDate`, `yearRate`) VALUES (%(movieID)s, %(movieName)s, %(seatRate)s, %(boxInfo)s, %(boxRate)s, %(releaseInfo)s, %(showInfo)s, %(showRate)s, %(splitBoxInfo)s, %(splitSumBoxInfo)s, %(sumBoxInfo)s, %(showView)s, %(crawlDate)s, %(yearRate)s)
2020-01-15 20:24:53,126 -  /home/dawinia/anaconda3/envs/Scrapy/lib/python3.7/site-packages/sqlalchemy/log.py[line:110] - INFO: {'movieID': 344043, 'movieName': '圣诞大赢家', 'seatRate': '15.3%', 'boxInfo': '2.21', 'boxRate': '<0.1%', 'releaseInfo': '上映21天', 'showInfo': '188', 'showRate': '0.1%', 'splitBoxInfo': '2.21', 'splitSumBoxInfo': '525.7', 'sumBoxInfo': '525.7', 'showView': '5', 'crawlDate': datetime.date(2020, 1, 15), 'yearRate': '2020-01-15#20'}
2020-01-15 20:24:53,126 -  /home/dawinia/anaconda3/envs/Scrapy/lib/python3.7/site-packages/sqlalchemy/log.py[line:110] - INFO: COMMIT
2020-01-15 20:24:53,233 -  /home/dawinia/anaconda3/envs/Scrapy/lib/python3.7/site-packages/scrapy/core/scraper.py[line:243] - DEBUG: Scraped from <200 http://piaofang.maoyan.com/second-box?beginDate=20160101>
None
2020-01-15 20:24:53,237 -  /home/dawinia/CodeBook/ScrapyProject/movie/movie/spiders/boxOffice_spider.py[line:46] - WARNING: get 21 movie info, named 冰美人.
2020-01-15 20:24:53,239 -  /home/dawinia/CodeBook/ScrapyProject/movie/movie/dao/databasetable.py[line:42] - WARNING: here movieID equals to 344475
2020-01-15 20:24:53,239 -  /home/dawinia/CodeBook/ScrapyProject/movie/movie/dao/databasetable.py[line:42] - WARNING: here movieName equals to 冰美人
2020-01-15 20:24:53,239 -  /home/dawinia/CodeBook/ScrapyProject/movie/movie/dao/databasetable.py[line:42] - WARNING: here seatRate equals to 3.9%
2020-01-15 20:24:53,240 -  /home/dawinia/CodeBook/ScrapyProject/movie/movie/dao/databasetable.py[line:42] - WARNING: here boxInfo equals to 1.40
2020-01-15 20:24:53,240 -  /home/dawinia/CodeBook/ScrapyProject/movie/movie/dao/databasetable.py[line:42] - WARNING: here boxRate equals to <0.1%
2020-01-15 20:24:53,240 -  /home/dawinia/CodeBook/ScrapyProject/movie/movie/dao/databasetable.py[line:42] - WARNING: here releaseInfo equals to 点映
2020-01-15 20:24:53,240 -  /home/dawinia/CodeBook/ScrapyProject/movie/movie/dao/databasetable.py[line:42] - WARNING: here showInfo equals to 200
2020-01-15 20:24:53,240 -  /home/dawinia/CodeBook/ScrapyProject/movie/movie/dao/databasetable.py[line:42] - WARNING: here showRate equals to 0.1%
2020-01-15 20:24:53,241 -  /home/dawinia/CodeBook/ScrapyProject/movie/movie/dao/databasetable.py[line:42] - WARNING: here splitBoxInfo equals to 1.40
2020-01-15 20:24:53,241 -  /home/dawinia/CodeBook/ScrapyProject/movie/movie/dao/databasetable.py[line:42] - WARNING: here splitSumBoxInfo equals to 1.4
2020-01-15 20:24:53,241 -  /home/dawinia/CodeBook/ScrapyProject/movie/movie/dao/databasetable.py[line:42] - WARNING: here sumBoxInfo equals to 1.4
2020-01-15 20:24:53,241 -  /home/dawinia/CodeBook/ScrapyProject/movie/movie/dao/databasetable.py[line:42] - WARNING: here showView equals to 3
2020-01-15 20:24:53,242 -  /home/dawinia/CodeBook/ScrapyProject/movie/movie/dao/databasetable.py[line:42] - WARNING: here crawlDate equals to 2020-01-15
2020-01-15 20:24:53,242 -  /home/dawinia/CodeBook/ScrapyProject/movie/movie/dao/databasetable.py[line:42] - WARNING: here yearRate equals to 2020-01-15#21
2020-01-15 20:24:53,242 -  /home/dawinia/CodeBook/ScrapyProject/movie/movie/pipelines.py[line:53] - WARNING: insert database finished
2020-01-15 20:24:53,243 -  /home/dawinia/anaconda3/envs/Scrapy/lib/python3.7/site-packages/sqlalchemy/log.py[line:110] - INFO: BEGIN (implicit)
2020-01-15 20:24:53,243 -  /home/dawinia/anaconda3/envs/Scrapy/lib/python3.7/site-packages/sqlalchemy/log.py[line:110] - INFO: INSERT INTO `boxOffice` (`movieID`, `movieName`, `seatRate`, `boxInfo`, `boxRate`, `releaseInfo`, `showInfo`, `showRate`, `splitBoxInfo`, `splitSumBoxInfo`, `sumBoxInfo`, `showView`, `crawlDate`, `yearRate`) VALUES (%(movieID)s, %(movieName)s, %(seatRate)s, %(boxInfo)s, %(boxRate)s, %(releaseInfo)s, %(showInfo)s, %(showRate)s, %(splitBoxInfo)s, %(splitSumBoxInfo)s, %(sumBoxInfo)s, %(showView)s, %(crawlDate)s, %(yearRate)s)
2020-01-15 20:24:53,244 -  /home/dawinia/anaconda3/envs/Scrapy/lib/python3.7/site-packages/sqlalchemy/log.py[line:110] - INFO: {'movieID': 344475, 'movieName': '冰美人', 'seatRate': '3.9%', 'boxInfo': '1.40', 'boxRate': '<0.1%', 'releaseInfo': '点映', 'showInfo': '200', 'showRate': '0.1%', 'splitBoxInfo': '1.40', 'splitSumBoxInfo': '1.4', 'sumBoxInfo': '1.4', 'showView': '3', 'crawlDate': datetime.date(2020, 1, 15), 'yearRate': '2020-01-15#21'}
2020-01-15 20:24:53,246 -  /home/dawinia/anaconda3/envs/Scrapy/lib/python3.7/site-packages/sqlalchemy/log.py[line:110] - INFO: COMMIT
2020-01-15 20:24:53,392 -  /home/dawinia/anaconda3/envs/Scrapy/lib/python3.7/site-packages/scrapy/core/scraper.py[line:243] - DEBUG: Scraped from <200 http://piaofang.maoyan.com/second-box?beginDate=20160101>
None
2020-01-15 20:24:53,395 -  /home/dawinia/CodeBook/ScrapyProject/movie/movie/spiders/boxOffice_spider.py[line:46] - WARNING: get 22 movie info, named 师父.
2020-01-15 20:24:53,397 -  /home/dawinia/CodeBook/ScrapyProject/movie/movie/dao/databasetable.py[line:42] - WARNING: here movieID equals to 246080
2020-01-15 20:24:53,397 -  /home/dawinia/CodeBook/ScrapyProject/movie/movie/dao/databasetable.py[line:42] - WARNING: here movieName equals to 师父
2020-01-15 20:24:53,398 -  /home/dawinia/CodeBook/ScrapyProject/movie/movie/dao/databasetable.py[line:42] - WARNING: here seatRate equals to 16.1%
2020-01-15 20:24:53,398 -  /home/dawinia/CodeBook/ScrapyProject/movie/movie/dao/databasetable.py[line:42] - WARNING: here boxInfo equals to 1.39
2020-01-15 20:24:53,398 -  /home/dawinia/CodeBook/ScrapyProject/movie/movie/dao/databasetable.py[line:42] - WARNING: here boxRate equals to <0.1%
2020-01-15 20:24:53,398 -  /home/dawinia/CodeBook/ScrapyProject/movie/movie/dao/databasetable.py[line:42] - WARNING: here releaseInfo equals to 上映23天
2020-01-15 20:24:53,399 -  /home/dawinia/CodeBook/ScrapyProject/movie/movie/dao/databasetable.py[line:42] - WARNING: here showInfo equals to 47
2020-01-15 20:24:53,399 -  /home/dawinia/CodeBook/ScrapyProject/movie/movie/dao/databasetable.py[line:42] - WARNING: here showRate equals to <0.1%
2020-01-15 20:24:53,399 -  /home/dawinia/CodeBook/ScrapyProject/movie/movie/dao/databasetable.py[line:42] - WARNING: here splitBoxInfo equals to 1.39
2020-01-15 20:24:53,399 -  /home/dawinia/CodeBook/ScrapyProject/movie/movie/dao/databasetable.py[line:42] - WARNING: here splitSumBoxInfo equals to 5461.6
2020-01-15 20:24:53,399 -  /home/dawinia/CodeBook/ScrapyProject/movie/movie/dao/databasetable.py[line:42] - WARNING: here sumBoxInfo equals to 5461.6
2020-01-15 20:24:53,400 -  /home/dawinia/CodeBook/ScrapyProject/movie/movie/dao/databasetable.py[line:42] - WARNING: here showView equals to 9
2020-01-15 20:24:53,400 -  /home/dawinia/CodeBook/ScrapyProject/movie/movie/dao/databasetable.py[line:42] - WARNING: here crawlDate equals to 2020-01-15
2020-01-15 20:24:53,400 -  /home/dawinia/CodeBook/ScrapyProject/movie/movie/dao/databasetable.py[line:42] - WARNING: here yearRate equals to 2020-01-15#22
2020-01-15 20:24:53,400 -  /home/dawinia/CodeBook/ScrapyProject/movie/movie/pipelines.py[line:53] - WARNING: insert database finished
2020-01-15 20:24:53,401 -  /home/dawinia/anaconda3/envs/Scrapy/lib/python3.7/site-packages/sqlalchemy/log.py[line:110] - INFO: BEGIN (implicit)
2020-01-15 20:24:53,402 -  /home/dawinia/anaconda3/envs/Scrapy/lib/python3.7/site-packages/sqlalchemy/log.py[line:110] - INFO: INSERT INTO `boxOffice` (`movieID`, `movieName`, `seatRate`, `boxInfo`, `boxRate`, `releaseInfo`, `showInfo`, `showRate`, `splitBoxInfo`, `splitSumBoxInfo`, `sumBoxInfo`, `showView`, `crawlDate`, `yearRate`) VALUES (%(movieID)s, %(movieName)s, %(seatRate)s, %(boxInfo)s, %(boxRate)s, %(releaseInfo)s, %(showInfo)s, %(showRate)s, %(splitBoxInfo)s, %(splitSumBoxInfo)s, %(sumBoxInfo)s, %(showView)s, %(crawlDate)s, %(yearRate)s)
2020-01-15 20:24:53,402 -  /home/dawinia/anaconda3/envs/Scrapy/lib/python3.7/site-packages/sqlalchemy/log.py[line:110] - INFO: {'movieID': 246080, 'movieName': '师父', 'seatRate': '16.1%', 'boxInfo': '1.39', 'boxRate': '<0.1%', 'releaseInfo': '上映23天', 'showInfo': '47', 'showRate': '<0.1%', 'splitBoxInfo': '1.39', 'splitSumBoxInfo': '5461.6', 'sumBoxInfo': '5461.6', 'showView': '9', 'crawlDate': datetime.date(2020, 1, 15), 'yearRate': '2020-01-15#22'}
2020-01-15 20:24:53,405 -  /home/dawinia/anaconda3/envs/Scrapy/lib/python3.7/site-packages/sqlalchemy/log.py[line:110] - INFO: COMMIT
2020-01-15 20:24:53,589 -  /home/dawinia/anaconda3/envs/Scrapy/lib/python3.7/site-packages/scrapy/core/scraper.py[line:243] - DEBUG: Scraped from <200 http://piaofang.maoyan.com/second-box?beginDate=20160101>
None
2020-01-15 20:24:53,592 -  /home/dawinia/CodeBook/ScrapyProject/movie/movie/spiders/boxOffice_spider.py[line:46] - WARNING: get 23 movie info, named 极速风流.
2020-01-15 20:24:53,594 -  /home/dawinia/CodeBook/ScrapyProject/movie/movie/dao/databasetable.py[line:42] - WARNING: here movieID equals to 78279
2020-01-15 20:24:53,594 -  /home/dawinia/CodeBook/ScrapyProject/movie/movie/dao/databasetable.py[line:42] - WARNING: here movieName equals to 极速风流
2020-01-15 20:24:53,594 -  /home/dawinia/CodeBook/ScrapyProject/movie/movie/dao/databasetable.py[line:42] - WARNING: here seatRate equals to 15.9%
2020-01-15 20:24:53,594 -  /home/dawinia/CodeBook/ScrapyProject/movie/movie/dao/databasetable.py[line:42] - WARNING: here boxInfo equals to 1.01
2020-01-15 20:24:53,595 -  /home/dawinia/CodeBook/ScrapyProject/movie/movie/dao/databasetable.py[line:42] - WARNING: here boxRate equals to <0.1%
2020-01-15 20:24:53,595 -  /home/dawinia/CodeBook/ScrapyProject/movie/movie/dao/databasetable.py[line:42] - WARNING: here releaseInfo equals to 上映22天
2020-01-15 20:24:53,595 -  /home/dawinia/CodeBook/ScrapyProject/movie/movie/dao/databasetable.py[line:42] - WARNING: here showInfo equals to 129
2020-01-15 20:24:53,595 -  /home/dawinia/CodeBook/ScrapyProject/movie/movie/dao/databasetable.py[line:42] - WARNING: here showRate equals to <0.1%
2020-01-15 20:24:53,595 -  /home/dawinia/CodeBook/ScrapyProject/movie/movie/dao/databasetable.py[line:42] - WARNING: here splitBoxInfo equals to 1.01
2020-01-15 20:24:53,596 -  /home/dawinia/CodeBook/ScrapyProject/movie/movie/dao/databasetable.py[line:42] - WARNING: here splitSumBoxInfo equals to 1994.9
2020-01-15 20:24:53,596 -  /home/dawinia/CodeBook/ScrapyProject/movie/movie/dao/databasetable.py[line:42] - WARNING: here sumBoxInfo equals to 1994.9
2020-01-15 20:24:53,596 -  /home/dawinia/CodeBook/ScrapyProject/movie/movie/dao/databasetable.py[line:42] - WARNING: here showView equals to 3
2020-01-15 20:24:53,596 -  /home/dawinia/CodeBook/ScrapyProject/movie/movie/dao/databasetable.py[line:42] - WARNING: here crawlDate equals to 2020-01-15
2020-01-15 20:24:53,596 -  /home/dawinia/CodeBook/ScrapyProject/movie/movie/dao/databasetable.py[line:42] - WARNING: here yearRate equals to 2020-01-15#23
2020-01-15 20:24:53,597 -  /home/dawinia/CodeBook/ScrapyProject/movie/movie/pipelines.py[line:53] - WARNING: insert database finished
2020-01-15 20:24:53,597 -  /home/dawinia/anaconda3/envs/Scrapy/lib/python3.7/site-packages/sqlalchemy/log.py[line:110] - INFO: BEGIN (implicit)
2020-01-15 20:24:53,598 -  /home/dawinia/anaconda3/envs/Scrapy/lib/python3.7/site-packages/sqlalchemy/log.py[line:110] - INFO: INSERT INTO `boxOffice` (`movieID`, `movieName`, `seatRate`, `boxInfo`, `boxRate`, `releaseInfo`, `showInfo`, `showRate`, `splitBoxInfo`, `splitSumBoxInfo`, `sumBoxInfo`, `showView`, `crawlDate`, `yearRate`) VALUES (%(movieID)s, %(movieName)s, %(seatRate)s, %(boxInfo)s, %(boxRate)s, %(releaseInfo)s, %(showInfo)s, %(showRate)s, %(splitBoxInfo)s, %(splitSumBoxInfo)s, %(sumBoxInfo)s, %(showView)s, %(crawlDate)s, %(yearRate)s)
2020-01-15 20:24:53,598 -  /home/dawinia/anaconda3/envs/Scrapy/lib/python3.7/site-packages/sqlalchemy/log.py[line:110] - INFO: {'movieID': 78279, 'movieName': '极速风流', 'seatRate': '15.9%', 'boxInfo': '1.01', 'boxRate': '<0.1%', 'releaseInfo': '上映22天', 'showInfo': '129', 'showRate': '<0.1%', 'splitBoxInfo': '1.01', 'splitSumBoxInfo': '1994.9', 'sumBoxInfo': '1994.9', 'showView': '3', 'crawlDate': datetime.date(2020, 1, 15), 'yearRate': '2020-01-15#23'}
2020-01-15 20:24:53,600 -  /home/dawinia/anaconda3/envs/Scrapy/lib/python3.7/site-packages/sqlalchemy/log.py[line:110] - INFO: COMMIT
2020-01-15 20:24:53,748 -  /home/dawinia/anaconda3/envs/Scrapy/lib/python3.7/site-packages/scrapy/core/scraper.py[line:243] - DEBUG: Scraped from <200 http://piaofang.maoyan.com/second-box?beginDate=20160101>
None
2020-01-15 20:24:53,752 -  /home/dawinia/anaconda3/envs/Scrapy/lib/python3.7/site-packages/scrapy/core/engine.py[line:296] - INFO: Closing spider (finished)
2020-01-15 20:24:53,754 -  /home/dawinia/anaconda3/envs/Scrapy/lib/python3.7/site-packages/scrapy/statscollectors.py[line:47] - INFO: Dumping Scrapy stats:
{'downloader/request_bytes': 533,
 'downloader/request_count': 2,
 'downloader/request_method_count/GET': 2,
 'downloader/response_bytes': 2770,
 'downloader/response_count': 2,
 'downloader/response_status_count/200': 2,
 'elapsed_time_seconds': 4.432243,
 'finish_reason': 'finished',
 'finish_time': datetime.datetime(2020, 1, 15, 12, 24, 53, 753358),
 'item_scraped_count': 23,
 'log_count/DEBUG': 25,
 'log_count/INFO': 117,
 'log_count/WARNING': 369,
 'memusage/max': 1225965568,
 'memusage/startup': 1225965568,
 'response_received_count': 2,
 'robotstxt/request_count': 1,
 'robotstxt/response_count': 1,
 'robotstxt/response_status_count/200': 1,
 'scheduler/dequeued': 1,
 'scheduler/dequeued/memory': 1,
 'scheduler/enqueued': 1,
 'scheduler/enqueued/memory': 1,
 'start_time': datetime.datetime(2020, 1, 15, 12, 24, 49, 321115)}
2020-01-15 20:24:53,754 -  /home/dawinia/anaconda3/envs/Scrapy/lib/python3.7/site-packages/scrapy/core/engine.py[line:327] - INFO: Spider closed (finished)
